{"/Users/Alen/Desktop/Новая папка 5/ajs.retro_game/src/js/Character.js": {"path":"/Users/Alen/Desktop/Новая папка 5/ajs.retro_game/src/js/Character.js","statementMap":{"0":{"start":{"line":6,"column":25},"end":{"line":55,"column":1}},"1":{"start":{"line":59,"column":2},"end":{"line":59,"column":19}},"2":{"start":{"line":60,"column":2},"end":{"line":60,"column":19}},"3":{"start":{"line":61,"column":2},"end":{"line":61,"column":18}},"4":{"start":{"line":62,"column":2},"end":{"line":62,"column":21}},"5":{"start":{"line":63,"column":2},"end":{"line":65,"column":3}},"6":{"start":{"line":64,"column":3},"end":{"line":64,"column":71}},"7":{"start":{"line":69,"column":2},"end":{"line":71,"column":3}},"8":{"start":{"line":69,"column":19},"end":{"line":69,"column":30}},"9":{"start":{"line":70,"column":3},"end":{"line":70,"column":18}},"10":{"start":{"line":75,"column":2},"end":{"line":75,"column":21}},"11":{"start":{"line":79,"column":2},"end":{"line":79,"column":44}},"12":{"start":{"line":83,"column":2},"end":{"line":83,"column":22}},"13":{"start":{"line":87,"column":2},"end":{"line":87,"column":20}},"14":{"start":{"line":91,"column":2},"end":{"line":103,"column":3}},"15":{"start":{"line":92,"column":3},"end":{"line":92,"column":49}},"16":{"start":{"line":94,"column":3},"end":{"line":101,"column":25}},"17":{"start":{"line":102,"column":3},"end":{"line":102,"column":22}},"18":{"start":{"line":107,"column":2},"end":{"line":107,"column":19}},"19":{"start":{"line":108,"column":2},"end":{"line":108,"column":20}},"20":{"start":{"line":109,"column":2},"end":{"line":109,"column":41}},"21":{"start":{"line":110,"column":2},"end":{"line":110,"column":43}},"22":{"start":{"line":114,"column":2},"end":{"line":114,"column":71}},"23":{"start":{"line":118,"column":17},"end":{"line":118,"column":49}},"24":{"start":{"line":119,"column":2},"end":{"line":119,"column":24}},"25":{"start":{"line":120,"column":2},"end":{"line":120,"column":16}}},"fnMap":{"0":{"name":"(anonymous_0)","decl":{"start":{"line":58,"column":1},"end":{"line":58,"column":2}},"loc":{"start":{"line":58,"column":26},"end":{"line":66,"column":2}},"line":58},"1":{"name":"(anonymous_1)","decl":{"start":{"line":68,"column":1},"end":{"line":68,"column":2}},"loc":{"start":{"line":68,"column":18},"end":{"line":72,"column":2}},"line":68},"2":{"name":"(anonymous_2)","decl":{"start":{"line":74,"column":1},"end":{"line":74,"column":2}},"loc":{"start":{"line":74,"column":13},"end":{"line":76,"column":2}},"line":74},"3":{"name":"(anonymous_3)","decl":{"start":{"line":78,"column":1},"end":{"line":78,"column":2}},"loc":{"start":{"line":78,"column":19},"end":{"line":80,"column":2}},"line":78},"4":{"name":"(anonymous_4)","decl":{"start":{"line":82,"column":1},"end":{"line":82,"column":2}},"loc":{"start":{"line":82,"column":14},"end":{"line":84,"column":2}},"line":82},"5":{"name":"(anonymous_5)","decl":{"start":{"line":86,"column":1},"end":{"line":86,"column":2}},"loc":{"start":{"line":86,"column":12},"end":{"line":88,"column":2}},"line":86},"6":{"name":"(anonymous_6)","decl":{"start":{"line":90,"column":1},"end":{"line":90,"column":2}},"loc":{"start":{"line":90,"column":17},"end":{"line":104,"column":2}},"line":90},"7":{"name":"(anonymous_7)","decl":{"start":{"line":106,"column":1},"end":{"line":106,"column":2}},"loc":{"start":{"line":106,"column":11},"end":{"line":111,"column":2}},"line":106},"8":{"name":"(anonymous_8)","decl":{"start":{"line":113,"column":1},"end":{"line":113,"column":2}},"loc":{"start":{"line":113,"column":14},"end":{"line":115,"column":2}},"line":113},"9":{"name":"(anonymous_9)","decl":{"start":{"line":117,"column":1},"end":{"line":117,"column":2}},"loc":{"start":{"line":117,"column":19},"end":{"line":121,"column":2}},"line":117}},"branchMap":{"0":{"loc":{"start":{"line":63,"column":2},"end":{"line":65,"column":3}},"type":"if","locations":[{"start":{"line":63,"column":2},"end":{"line":65,"column":3}},{"start":{},"end":{}}],"line":63},"1":{"loc":{"start":{"line":91,"column":2},"end":{"line":103,"column":3}},"type":"if","locations":[{"start":{"line":91,"column":2},"end":{"line":103,"column":3}},{"start":{"line":93,"column":9},"end":{"line":103,"column":3}}],"line":91}},"s":{"0":3,"1":9,"2":9,"3":9,"4":9,"5":9,"6":1,"7":9,"8":9,"9":6,"10":2,"11":15,"12":20,"13":0,"14":9,"15":0,"16":9,"17":9,"18":6,"19":6,"20":6,"21":6,"22":12,"23":0,"24":0,"25":0},"f":{"0":9,"1":9,"2":2,"3":15,"4":20,"5":0,"6":9,"7":6,"8":12,"9":0},"b":{"0":[1,8],"1":[0,9]},"_coverageSchema":"1a1c01bbd47fc00a2c39e90264f33305004495a9","hash":"b06a1232f46d2807aec294988dce8cdfd538fd23"}
,"/Users/Alen/Desktop/Новая папка 5/ajs.retro_game/src/js/Estimator.js": {"path":"/Users/Alen/Desktop/Новая папка 5/ajs.retro_game/src/js/Estimator.js","statementMap":{"0":{"start":{"line":10,"column":2},"end":{"line":10,"column":19}},"1":{"start":{"line":11,"column":2},"end":{"line":11,"column":34}},"2":{"start":{"line":15,"column":2},"end":{"line":23,"column":3}},"3":{"start":{"line":16,"column":3},"end":{"line":20,"column":4}},"4":{"start":{"line":17,"column":4},"end":{"line":17,"column":25}},"5":{"start":{"line":19,"column":4},"end":{"line":19,"column":26}},"6":{"start":{"line":22,"column":3},"end":{"line":22,"column":24}},"7":{"start":{"line":24,"column":2},"end":{"line":24,"column":14}},"8":{"start":{"line":28,"column":2},"end":{"line":33,"column":17}},"9":{"start":{"line":34,"column":2},"end":{"line":34,"column":41}},"10":{"start":{"line":35,"column":2},"end":{"line":41,"column":3}},"11":{"start":{"line":36,"column":3},"end":{"line":36,"column":15}},"12":{"start":{"line":37,"column":9},"end":{"line":41,"column":3}},"13":{"start":{"line":38,"column":3},"end":{"line":38,"column":15}},"14":{"start":{"line":40,"column":3},"end":{"line":40,"column":30}},"15":{"start":{"line":42,"column":2},"end":{"line":42,"column":14}},"16":{"start":{"line":46,"column":22},"end":{"line":46,"column":73}},"17":{"start":{"line":47,"column":17},"end":{"line":47,"column":78}},"18":{"start":{"line":47,"column":28},"end":{"line":47,"column":78}},"19":{"start":{"line":48,"column":20},"end":{"line":48,"column":81}},"20":{"start":{"line":48,"column":59},"end":{"line":48,"column":80}},"21":{"start":{"line":49,"column":2},"end":{"line":63,"column":3}},"22":{"start":{"line":50,"column":3},"end":{"line":50,"column":37}},"23":{"start":{"line":51,"column":26},"end":{"line":51,"column":51}},"24":{"start":{"line":52,"column":3},"end":{"line":62,"column":4}},"25":{"start":{"line":53,"column":23},"end":{"line":53,"column":75}},"26":{"start":{"line":53,"column":53},"end":{"line":53,"column":74}},"27":{"start":{"line":54,"column":22},"end":{"line":55,"column":61}},"28":{"start":{"line":55,"column":26},"end":{"line":55,"column":60}},"29":{"start":{"line":56,"column":23},"end":{"line":56,"column":35}},"30":{"start":{"line":57,"column":4},"end":{"line":61,"column":5}},"31":{"start":{"line":58,"column":5},"end":{"line":58,"column":47}},"32":{"start":{"line":59,"column":5},"end":{"line":59,"column":40}},"33":{"start":{"line":60,"column":5},"end":{"line":60,"column":17}},"34":{"start":{"line":64,"column":2},"end":{"line":64,"column":15}},"35":{"start":{"line":68,"column":19},"end":{"line":68,"column":28}},"36":{"start":{"line":69,"column":2},"end":{"line":73,"column":3}},"37":{"start":{"line":70,"column":20},"end":{"line":70,"column":60}},"38":{"start":{"line":71,"column":23},"end":{"line":71,"column":47}},"39":{"start":{"line":72,"column":3},"end":{"line":72,"column":57}},"40":{"start":{"line":74,"column":2},"end":{"line":74,"column":25}},"41":{"start":{"line":78,"column":21},"end":{"line":81,"column":3}},"42":{"start":{"line":82,"column":2},"end":{"line":136,"column":3}},"43":{"start":{"line":83,"column":23},"end":{"line":83,"column":77}},"44":{"start":{"line":83,"column":49},"end":{"line":83,"column":76}},"45":{"start":{"line":84,"column":20},"end":{"line":84,"column":22}},"46":{"start":{"line":85,"column":3},"end":{"line":135,"column":4}},"47":{"start":{"line":94,"column":8},"end":{"line":94,"column":14}},"48":{"start":{"line":95,"column":4},"end":{"line":95,"column":45}},"49":{"start":{"line":96,"column":4},"end":{"line":134,"column":5}},"50":{"start":{"line":97,"column":28},"end":{"line":97,"column":53}},"51":{"start":{"line":98,"column":23},"end":{"line":99,"column":62}},"52":{"start":{"line":99,"column":27},"end":{"line":99,"column":61}},"53":{"start":{"line":100,"column":5},"end":{"line":129,"column":6}},"54":{"start":{"line":101,"column":21},"end":{"line":101,"column":84}},"55":{"start":{"line":101,"column":32},"end":{"line":101,"column":84}},"56":{"start":{"line":102,"column":24},"end":{"line":102,"column":71}},"57":{"start":{"line":102,"column":49},"end":{"line":102,"column":70}},"58":{"start":{"line":103,"column":25},"end":{"line":103,"column":37}},"59":{"start":{"line":104,"column":6},"end":{"line":104,"column":48}},"60":{"start":{"line":105,"column":6},"end":{"line":105,"column":41}},"61":{"start":{"line":106,"column":6},"end":{"line":106,"column":18}},"62":{"start":{"line":108,"column":23},"end":{"line":109,"column":44}},"63":{"start":{"line":109,"column":25},"end":{"line":109,"column":43}},"64":{"start":{"line":110,"column":6},"end":{"line":128,"column":7}},"65":{"start":{"line":111,"column":29},"end":{"line":112,"column":66}},"66":{"start":{"line":112,"column":29},"end":{"line":112,"column":65}},"67":{"start":{"line":113,"column":24},"end":{"line":113,"column":55}},"68":{"start":{"line":114,"column":7},"end":{"line":118,"column":8}},"69":{"start":{"line":115,"column":8},"end":{"line":115,"column":50}},"70":{"start":{"line":116,"column":8},"end":{"line":116,"column":41}},"71":{"start":{"line":117,"column":8},"end":{"line":117,"column":20}},"72":{"start":{"line":120,"column":30},"end":{"line":120,"column":51}},"73":{"start":{"line":121,"column":7},"end":{"line":126,"column":8}},"74":{"start":{"line":122,"column":8},"end":{"line":122,"column":60}},"75":{"start":{"line":123,"column":8},"end":{"line":123,"column":52}},"76":{"start":{"line":124,"column":8},"end":{"line":124,"column":57}},"77":{"start":{"line":125,"column":8},"end":{"line":125,"column":20}},"78":{"start":{"line":127,"column":7},"end":{"line":127,"column":27}},"79":{"start":{"line":131,"column":5},"end":{"line":131,"column":49}},"80":{"start":{"line":132,"column":5},"end":{"line":132,"column":43}},"81":{"start":{"line":133,"column":5},"end":{"line":133,"column":17}},"82":{"start":{"line":137,"column":2},"end":{"line":137,"column":15}},"83":{"start":{"line":141,"column":21},"end":{"line":141,"column":23}},"84":{"start":{"line":142,"column":2},"end":{"line":156,"column":3}},"85":{"start":{"line":143,"column":20},"end":{"line":143,"column":60}},"86":{"start":{"line":144,"column":28},"end":{"line":144,"column":48}},"87":{"start":{"line":146,"column":3},"end":{"line":155,"column":4}},"88":{"start":{"line":147,"column":22},"end":{"line":147,"column":63}},"89":{"start":{"line":148,"column":31},"end":{"line":148,"column":33}},"90":{"start":{"line":149,"column":4},"end":{"line":153,"column":5}},"91":{"start":{"line":150,"column":5},"end":{"line":150,"column":85}},"92":{"start":{"line":152,"column":5},"end":{"line":152,"column":85}},"93":{"start":{"line":154,"column":4},"end":{"line":154,"column":42}},"94":{"start":{"line":157,"column":2},"end":{"line":157,"column":20}},"95":{"start":{"line":161,"column":25},"end":{"line":162,"column":35}},"96":{"start":{"line":162,"column":15},"end":{"line":162,"column":34}},"97":{"start":{"line":163,"column":2},"end":{"line":180,"column":3}},"98":{"start":{"line":164,"column":3},"end":{"line":164,"column":37}},"99":{"start":{"line":165,"column":3},"end":{"line":179,"column":4}},"100":{"start":{"line":166,"column":22},"end":{"line":167,"column":61}},"101":{"start":{"line":167,"column":26},"end":{"line":167,"column":60}},"102":{"start":{"line":168,"column":23},"end":{"line":168,"column":50}},"103":{"start":{"line":169,"column":4},"end":{"line":178,"column":5}},"104":{"start":{"line":170,"column":5},"end":{"line":170,"column":47}},"105":{"start":{"line":171,"column":5},"end":{"line":171,"column":40}},"106":{"start":{"line":172,"column":5},"end":{"line":172,"column":17}},"107":{"start":{"line":174,"column":24},"end":{"line":174,"column":67}},"108":{"start":{"line":175,"column":5},"end":{"line":175,"column":47}},"109":{"start":{"line":176,"column":5},"end":{"line":176,"column":40}},"110":{"start":{"line":177,"column":5},"end":{"line":177,"column":17}},"111":{"start":{"line":181,"column":2},"end":{"line":181,"column":15}},"112":{"start":{"line":185,"column":25},"end":{"line":186,"column":35}},"113":{"start":{"line":186,"column":15},"end":{"line":186,"column":34}},"114":{"start":{"line":187,"column":2},"end":{"line":200,"column":3}},"115":{"start":{"line":188,"column":3},"end":{"line":188,"column":37}},"116":{"start":{"line":189,"column":22},"end":{"line":189,"column":65}},"117":{"start":{"line":190,"column":24},"end":{"line":190,"column":63}},"118":{"start":{"line":191,"column":3},"end":{"line":197,"column":4}},"119":{"start":{"line":192,"column":4},"end":{"line":192,"column":48}},"120":{"start":{"line":193,"column":10},"end":{"line":197,"column":4}},"121":{"start":{"line":194,"column":4},"end":{"line":194,"column":46}},"122":{"start":{"line":196,"column":4},"end":{"line":196,"column":13}},"123":{"start":{"line":198,"column":3},"end":{"line":198,"column":54}},"124":{"start":{"line":199,"column":3},"end":{"line":199,"column":15}},"125":{"start":{"line":201,"column":2},"end":{"line":201,"column":15}}},"fnMap":{"0":{"name":"(anonymous_0)","decl":{"start":{"line":9,"column":1},"end":{"line":9,"column":2}},"loc":{"start":{"line":9,"column":19},"end":{"line":12,"column":2}},"line":9},"1":{"name":"(anonymous_1)","decl":{"start":{"line":14,"column":1},"end":{"line":14,"column":2}},"loc":{"start":{"line":14,"column":19},"end":{"line":25,"column":2}},"line":14},"2":{"name":"(anonymous_2)","decl":{"start":{"line":27,"column":1},"end":{"line":27,"column":2}},"loc":{"start":{"line":27,"column":17},"end":{"line":43,"column":2}},"line":27},"3":{"name":"(anonymous_3)","decl":{"start":{"line":45,"column":1},"end":{"line":45,"column":2}},"loc":{"start":{"line":45,"column":21},"end":{"line":65,"column":2}},"line":45},"4":{"name":"(anonymous_4)","decl":{"start":{"line":47,"column":17},"end":{"line":47,"column":18}},"loc":{"start":{"line":47,"column":28},"end":{"line":47,"column":78}},"line":47},"5":{"name":"(anonymous_5)","decl":{"start":{"line":48,"column":49},"end":{"line":48,"column":50}},"loc":{"start":{"line":48,"column":59},"end":{"line":48,"column":80}},"line":48},"6":{"name":"(anonymous_6)","decl":{"start":{"line":53,"column":43},"end":{"line":53,"column":44}},"loc":{"start":{"line":53,"column":53},"end":{"line":53,"column":74}},"line":53},"7":{"name":"(anonymous_7)","decl":{"start":{"line":55,"column":13},"end":{"line":55,"column":14}},"loc":{"start":{"line":55,"column":26},"end":{"line":55,"column":60}},"line":55},"8":{"name":"(anonymous_8)","decl":{"start":{"line":67,"column":1},"end":{"line":67,"column":2}},"loc":{"start":{"line":67,"column":17},"end":{"line":75,"column":2}},"line":67},"9":{"name":"(anonymous_9)","decl":{"start":{"line":77,"column":1},"end":{"line":77,"column":2}},"loc":{"start":{"line":77,"column":15},"end":{"line":138,"column":2}},"line":77},"10":{"name":"(anonymous_10)","decl":{"start":{"line":83,"column":39},"end":{"line":83,"column":40}},"loc":{"start":{"line":83,"column":49},"end":{"line":83,"column":76}},"line":83},"11":{"name":"(anonymous_11)","decl":{"start":{"line":99,"column":14},"end":{"line":99,"column":15}},"loc":{"start":{"line":99,"column":27},"end":{"line":99,"column":61}},"line":99},"12":{"name":"(anonymous_12)","decl":{"start":{"line":101,"column":21},"end":{"line":101,"column":22}},"loc":{"start":{"line":101,"column":32},"end":{"line":101,"column":84}},"line":101},"13":{"name":"(anonymous_13)","decl":{"start":{"line":102,"column":39},"end":{"line":102,"column":40}},"loc":{"start":{"line":102,"column":49},"end":{"line":102,"column":70}},"line":102},"14":{"name":"(anonymous_14)","decl":{"start":{"line":109,"column":12},"end":{"line":109,"column":13}},"loc":{"start":{"line":109,"column":25},"end":{"line":109,"column":43}},"line":109},"15":{"name":"(anonymous_15)","decl":{"start":{"line":112,"column":16},"end":{"line":112,"column":17}},"loc":{"start":{"line":112,"column":29},"end":{"line":112,"column":65}},"line":112},"16":{"name":"(anonymous_16)","decl":{"start":{"line":140,"column":1},"end":{"line":140,"column":2}},"loc":{"start":{"line":140,"column":45},"end":{"line":158,"column":2}},"line":140},"17":{"name":"(anonymous_17)","decl":{"start":{"line":160,"column":1},"end":{"line":160,"column":2}},"loc":{"start":{"line":160,"column":23},"end":{"line":182,"column":2}},"line":160},"18":{"name":"(anonymous_18)","decl":{"start":{"line":162,"column":9},"end":{"line":162,"column":10}},"loc":{"start":{"line":162,"column":15},"end":{"line":162,"column":34}},"line":162},"19":{"name":"(anonymous_19)","decl":{"start":{"line":167,"column":13},"end":{"line":167,"column":14}},"loc":{"start":{"line":167,"column":26},"end":{"line":167,"column":60}},"line":167},"20":{"name":"(anonymous_20)","decl":{"start":{"line":184,"column":1},"end":{"line":184,"column":2}},"loc":{"start":{"line":184,"column":18},"end":{"line":202,"column":2}},"line":184},"21":{"name":"(anonymous_21)","decl":{"start":{"line":186,"column":9},"end":{"line":186,"column":10}},"loc":{"start":{"line":186,"column":15},"end":{"line":186,"column":34}},"line":186}},"branchMap":{"0":{"loc":{"start":{"line":15,"column":2},"end":{"line":23,"column":3}},"type":"if","locations":[{"start":{"line":15,"column":2},"end":{"line":23,"column":3}},{"start":{"line":21,"column":9},"end":{"line":23,"column":3}}],"line":15},"1":{"loc":{"start":{"line":16,"column":3},"end":{"line":20,"column":4}},"type":"if","locations":[{"start":{"line":16,"column":3},"end":{"line":20,"column":4}},{"start":{"line":18,"column":10},"end":{"line":20,"column":4}}],"line":16},"2":{"loc":{"start":{"line":35,"column":2},"end":{"line":41,"column":3}},"type":"if","locations":[{"start":{"line":35,"column":2},"end":{"line":41,"column":3}},{"start":{"line":37,"column":9},"end":{"line":41,"column":3}}],"line":35},"3":{"loc":{"start":{"line":37,"column":9},"end":{"line":41,"column":3}},"type":"if","locations":[{"start":{"line":37,"column":9},"end":{"line":41,"column":3}},{"start":{"line":39,"column":9},"end":{"line":41,"column":3}}],"line":37},"4":{"loc":{"start":{"line":52,"column":3},"end":{"line":62,"column":4}},"type":"if","locations":[{"start":{"line":52,"column":3},"end":{"line":62,"column":4}},{"start":{},"end":{}}],"line":52},"5":{"loc":{"start":{"line":57,"column":4},"end":{"line":61,"column":5}},"type":"if","locations":[{"start":{"line":57,"column":4},"end":{"line":61,"column":5}},{"start":{},"end":{}}],"line":57},"6":{"loc":{"start":{"line":82,"column":2},"end":{"line":136,"column":3}},"type":"if","locations":[{"start":{"line":82,"column":2},"end":{"line":136,"column":3}},{"start":{},"end":{}}],"line":82},"7":{"loc":{"start":{"line":96,"column":4},"end":{"line":134,"column":5}},"type":"if","locations":[{"start":{"line":96,"column":4},"end":{"line":134,"column":5}},{"start":{"line":130,"column":11},"end":{"line":134,"column":5}}],"line":96},"8":{"loc":{"start":{"line":100,"column":5},"end":{"line":129,"column":6}},"type":"if","locations":[{"start":{"line":100,"column":5},"end":{"line":129,"column":6}},{"start":{"line":107,"column":12},"end":{"line":129,"column":6}}],"line":100},"9":{"loc":{"start":{"line":110,"column":6},"end":{"line":128,"column":7}},"type":"if","locations":[{"start":{"line":110,"column":6},"end":{"line":128,"column":7}},{"start":{"line":119,"column":13},"end":{"line":128,"column":7}}],"line":110},"10":{"loc":{"start":{"line":114,"column":7},"end":{"line":118,"column":8}},"type":"if","locations":[{"start":{"line":114,"column":7},"end":{"line":118,"column":8}},{"start":{},"end":{}}],"line":114},"11":{"loc":{"start":{"line":121,"column":7},"end":{"line":126,"column":8}},"type":"if","locations":[{"start":{"line":121,"column":7},"end":{"line":126,"column":8}},{"start":{},"end":{}}],"line":121},"12":{"loc":{"start":{"line":121,"column":11},"end":{"line":121,"column":56}},"type":"binary-expr","locations":[{"start":{"line":121,"column":11},"end":{"line":121,"column":25}},{"start":{"line":121,"column":29},"end":{"line":121,"column":56}}],"line":121},"13":{"loc":{"start":{"line":140,"column":30},"end":{"line":140,"column":43}},"type":"default-arg","locations":[{"start":{"line":140,"column":38},"end":{"line":140,"column":43}}],"line":140},"14":{"loc":{"start":{"line":149,"column":4},"end":{"line":153,"column":5}},"type":"if","locations":[{"start":{"line":149,"column":4},"end":{"line":153,"column":5}},{"start":{"line":151,"column":11},"end":{"line":153,"column":5}}],"line":149},"15":{"loc":{"start":{"line":165,"column":3},"end":{"line":179,"column":4}},"type":"if","locations":[{"start":{"line":165,"column":3},"end":{"line":179,"column":4}},{"start":{},"end":{}}],"line":165},"16":{"loc":{"start":{"line":169,"column":4},"end":{"line":178,"column":5}},"type":"if","locations":[{"start":{"line":169,"column":4},"end":{"line":178,"column":5}},{"start":{"line":173,"column":11},"end":{"line":178,"column":5}}],"line":169},"17":{"loc":{"start":{"line":191,"column":3},"end":{"line":197,"column":4}},"type":"if","locations":[{"start":{"line":191,"column":3},"end":{"line":197,"column":4}},{"start":{"line":193,"column":10},"end":{"line":197,"column":4}}],"line":191},"18":{"loc":{"start":{"line":193,"column":10},"end":{"line":197,"column":4}},"type":"if","locations":[{"start":{"line":193,"column":10},"end":{"line":197,"column":4}},{"start":{"line":195,"column":10},"end":{"line":197,"column":4}}],"line":193},"19":{"loc":{"start":{"line":198,"column":26},"end":{"line":198,"column":52}},"type":"binary-expr","locations":[{"start":{"line":198,"column":26},"end":{"line":198,"column":38}},{"start":{"line":198,"column":42},"end":{"line":198,"column":52}}],"line":198}},"s":{"0":0,"1":0,"2":0,"3":0,"4":0,"5":0,"6":0,"7":0,"8":0,"9":0,"10":0,"11":0,"12":0,"13":0,"14":0,"15":0,"16":0,"17":0,"18":0,"19":0,"20":0,"21":0,"22":0,"23":0,"24":0,"25":0,"26":0,"27":0,"28":0,"29":0,"30":0,"31":0,"32":0,"33":0,"34":0,"35":0,"36":0,"37":0,"38":0,"39":0,"40":0,"41":0,"42":0,"43":0,"44":0,"45":0,"46":0,"47":0,"48":0,"49":0,"50":0,"51":0,"52":0,"53":0,"54":0,"55":0,"56":0,"57":0,"58":0,"59":0,"60":0,"61":0,"62":0,"63":0,"64":0,"65":0,"66":0,"67":0,"68":0,"69":0,"70":0,"71":0,"72":0,"73":0,"74":0,"75":0,"76":0,"77":0,"78":0,"79":0,"80":0,"81":0,"82":0,"83":0,"84":0,"85":0,"86":0,"87":0,"88":0,"89":0,"90":0,"91":0,"92":0,"93":0,"94":0,"95":0,"96":0,"97":0,"98":0,"99":0,"100":0,"101":0,"102":0,"103":0,"104":0,"105":0,"106":0,"107":0,"108":0,"109":0,"110":0,"111":0,"112":0,"113":0,"114":0,"115":0,"116":0,"117":0,"118":0,"119":0,"120":0,"121":0,"122":0,"123":0,"124":0,"125":0},"f":{"0":0,"1":0,"2":0,"3":0,"4":0,"5":0,"6":0,"7":0,"8":0,"9":0,"10":0,"11":0,"12":0,"13":0,"14":0,"15":0,"16":0,"17":0,"18":0,"19":0,"20":0,"21":0},"b":{"0":[0,0],"1":[0,0],"2":[0,0],"3":[0,0],"4":[0,0],"5":[0,0],"6":[0,0],"7":[0,0],"8":[0,0],"9":[0,0],"10":[0,0],"11":[0,0],"12":[0,0],"13":[0],"14":[0,0],"15":[0,0],"16":[0,0],"17":[0,0],"18":[0,0],"19":[0,0]},"_coverageSchema":"1a1c01bbd47fc00a2c39e90264f33305004495a9","hash":"d494350ee8522c861bcdc5b565892f2b25f42c59"}
,"/Users/Alen/Desktop/Новая папка 5/ajs.retro_game/src/js/GameController.js": {"path":"/Users/Alen/Desktop/Новая папка 5/ajs.retro_game/src/js/GameController.js","statementMap":{"0":{"start":{"line":16,"column":2},"end":{"line":16,"column":27}},"1":{"start":{"line":17,"column":2},"end":{"line":17,"column":28}},"2":{"start":{"line":18,"column":2},"end":{"line":18,"column":35}},"3":{"start":{"line":19,"column":2},"end":{"line":19,"column":53}},"4":{"start":{"line":20,"column":2},"end":{"line":20,"column":49}},"5":{"start":{"line":21,"column":2},"end":{"line":21,"column":39}},"6":{"start":{"line":22,"column":2},"end":{"line":22,"column":21}},"7":{"start":{"line":23,"column":2},"end":{"line":23,"column":22}},"8":{"start":{"line":24,"column":2},"end":{"line":29,"column":3}},"9":{"start":{"line":25,"column":3},"end":{"line":25,"column":19}},"10":{"start":{"line":27,"column":3},"end":{"line":27,"column":38}},"11":{"start":{"line":28,"column":3},"end":{"line":28,"column":44}},"12":{"start":{"line":33,"column":2},"end":{"line":33,"column":29}},"13":{"start":{"line":34,"column":2},"end":{"line":34,"column":31}},"14":{"start":{"line":35,"column":2},"end":{"line":35,"column":47}},"15":{"start":{"line":36,"column":2},"end":{"line":36,"column":18}},"16":{"start":{"line":37,"column":2},"end":{"line":37,"column":67}},"17":{"start":{"line":38,"column":2},"end":{"line":38,"column":66}},"18":{"start":{"line":39,"column":2},"end":{"line":39,"column":66}},"19":{"start":{"line":40,"column":2},"end":{"line":40,"column":66}},"20":{"start":{"line":41,"column":2},"end":{"line":41,"column":66}},"21":{"start":{"line":42,"column":2},"end":{"line":42,"column":77}},"22":{"start":{"line":42,"column":41},"end":{"line":42,"column":75}},"23":{"start":{"line":43,"column":2},"end":{"line":43,"column":79}},"24":{"start":{"line":43,"column":42},"end":{"line":43,"column":77}},"25":{"start":{"line":44,"column":2},"end":{"line":44,"column":79}},"26":{"start":{"line":44,"column":42},"end":{"line":44,"column":77}},"27":{"start":{"line":45,"column":2},"end":{"line":45,"column":78}},"28":{"start":{"line":45,"column":42},"end":{"line":45,"column":76}},"29":{"start":{"line":46,"column":2},"end":{"line":46,"column":58}},"30":{"start":{"line":46,"column":36},"end":{"line":46,"column":56}},"31":{"start":{"line":47,"column":2},"end":{"line":47,"column":64}},"32":{"start":{"line":47,"column":40},"end":{"line":47,"column":55}},"33":{"start":{"line":48,"column":2},"end":{"line":48,"column":23}},"34":{"start":{"line":52,"column":2},"end":{"line":52,"column":19}},"35":{"start":{"line":53,"column":2},"end":{"line":53,"column":17}},"36":{"start":{"line":54,"column":2},"end":{"line":54,"column":21}},"37":{"start":{"line":55,"column":2},"end":{"line":55,"column":29}},"38":{"start":{"line":56,"column":2},"end":{"line":56,"column":27}},"39":{"start":{"line":57,"column":2},"end":{"line":57,"column":26}},"40":{"start":{"line":58,"column":2},"end":{"line":58,"column":19}},"41":{"start":{"line":59,"column":2},"end":{"line":59,"column":39}},"42":{"start":{"line":60,"column":2},"end":{"line":60,"column":21}},"43":{"start":{"line":64,"column":2},"end":{"line":64,"column":35}},"44":{"start":{"line":68,"column":2},"end":{"line":68,"column":32}},"45":{"start":{"line":72,"column":2},"end":{"line":76,"column":4}},"46":{"start":{"line":78,"column":2},"end":{"line":82,"column":4}},"47":{"start":{"line":84,"column":2},"end":{"line":87,"column":5}},"48":{"start":{"line":97,"column":19},"end":{"line":97,"column":66}},"49":{"start":{"line":98,"column":16},"end":{"line":98,"column":65}},"50":{"start":{"line":99,"column":2},"end":{"line":101,"column":3}},"51":{"start":{"line":100,"column":3},"end":{"line":100,"column":43}},"52":{"start":{"line":105,"column":2},"end":{"line":105,"column":58}},"53":{"start":{"line":105,"column":36},"end":{"line":105,"column":56}},"54":{"start":{"line":106,"column":2},"end":{"line":106,"column":29}},"55":{"start":{"line":107,"column":2},"end":{"line":107,"column":20}},"56":{"start":{"line":111,"column":2},"end":{"line":111,"column":64}},"57":{"start":{"line":111,"column":40},"end":{"line":111,"column":55}},"58":{"start":{"line":112,"column":2},"end":{"line":112,"column":29}},"59":{"start":{"line":113,"column":2},"end":{"line":113,"column":24}},"60":{"start":{"line":117,"column":2},"end":{"line":117,"column":28}},"61":{"start":{"line":118,"column":2},"end":{"line":118,"column":45}},"62":{"start":{"line":122,"column":2},"end":{"line":122,"column":27}},"63":{"start":{"line":126,"column":2},"end":{"line":126,"column":21}},"64":{"start":{"line":127,"column":2},"end":{"line":127,"column":40}},"65":{"start":{"line":131,"column":2},"end":{"line":131,"column":20}},"66":{"start":{"line":135,"column":2},"end":{"line":135,"column":22}},"67":{"start":{"line":136,"column":2},"end":{"line":136,"column":35}},"68":{"start":{"line":140,"column":2},"end":{"line":140,"column":21}},"69":{"start":{"line":144,"column":2},"end":{"line":144,"column":26}},"70":{"start":{"line":145,"column":2},"end":{"line":145,"column":14}},"71":{"start":{"line":146,"column":2},"end":{"line":146,"column":39}},"72":{"start":{"line":147,"column":2},"end":{"line":147,"column":17}},"73":{"start":{"line":148,"column":2},"end":{"line":148,"column":16}},"74":{"start":{"line":152,"column":2},"end":{"line":152,"column":25}},"75":{"start":{"line":156,"column":2},"end":{"line":158,"column":3}},"76":{"start":{"line":157,"column":3},"end":{"line":157,"column":61}},"77":{"start":{"line":159,"column":2},"end":{"line":159,"column":21}},"78":{"start":{"line":160,"column":2},"end":{"line":160,"column":37}},"79":{"start":{"line":161,"column":2},"end":{"line":161,"column":39}},"80":{"start":{"line":162,"column":2},"end":{"line":162,"column":31}},"81":{"start":{"line":163,"column":2},"end":{"line":163,"column":34}},"82":{"start":{"line":164,"column":2},"end":{"line":164,"column":61}},"83":{"start":{"line":165,"column":2},"end":{"line":165,"column":65}},"84":{"start":{"line":166,"column":2},"end":{"line":166,"column":43}},"85":{"start":{"line":167,"column":2},"end":{"line":167,"column":38}},"86":{"start":{"line":167,"column":26},"end":{"line":167,"column":38}},"87":{"start":{"line":168,"column":2},"end":{"line":168,"column":21}},"88":{"start":{"line":169,"column":2},"end":{"line":169,"column":14}},"89":{"start":{"line":173,"column":2},"end":{"line":173,"column":20}},"90":{"start":{"line":177,"column":2},"end":{"line":177,"column":26}},"91":{"start":{"line":178,"column":2},"end":{"line":178,"column":35}},"92":{"start":{"line":182,"column":2},"end":{"line":182,"column":25}},"93":{"start":{"line":186,"column":2},"end":{"line":194,"column":3}},"94":{"start":{"line":187,"column":18},"end":{"line":187,"column":85}},"95":{"start":{"line":188,"column":3},"end":{"line":192,"column":4}},"96":{"start":{"line":189,"column":4},"end":{"line":189,"column":27}},"97":{"start":{"line":191,"column":4},"end":{"line":191,"column":20}},"98":{"start":{"line":193,"column":3},"end":{"line":193,"column":15}},"99":{"start":{"line":195,"column":2},"end":{"line":195,"column":15}},"100":{"start":{"line":199,"column":2},"end":{"line":199,"column":49}},"101":{"start":{"line":200,"column":2},"end":{"line":202,"column":3}},"102":{"start":{"line":201,"column":3},"end":{"line":201,"column":31}},"103":{"start":{"line":203,"column":2},"end":{"line":207,"column":3}},"104":{"start":{"line":204,"column":3},"end":{"line":204,"column":19}},"105":{"start":{"line":206,"column":3},"end":{"line":206,"column":40}},"106":{"start":{"line":211,"column":2},"end":{"line":211,"column":44}},"107":{"start":{"line":212,"column":2},"end":{"line":212,"column":27}},"108":{"start":{"line":213,"column":2},"end":{"line":213,"column":66}},"109":{"start":{"line":214,"column":2},"end":{"line":214,"column":22}},"110":{"start":{"line":218,"column":2},"end":{"line":218,"column":38}},"111":{"start":{"line":222,"column":2},"end":{"line":224,"column":3}},"112":{"start":{"line":223,"column":3},"end":{"line":223,"column":36}},"113":{"start":{"line":228,"column":2},"end":{"line":230,"column":3}},"114":{"start":{"line":229,"column":3},"end":{"line":229,"column":34}},"115":{"start":{"line":234,"column":2},"end":{"line":234,"column":27}},"116":{"start":{"line":238,"column":19},"end":{"line":238,"column":54}},"117":{"start":{"line":239,"column":2},"end":{"line":242,"column":3}},"118":{"start":{"line":240,"column":19},"end":{"line":240,"column":40}},"119":{"start":{"line":241,"column":3},"end":{"line":241,"column":49}},"120":{"start":{"line":243,"column":2},"end":{"line":245,"column":3}},"121":{"start":{"line":244,"column":3},"end":{"line":244,"column":15}},"122":{"start":{"line":247,"column":2},"end":{"line":267,"column":3}},"123":{"start":{"line":248,"column":3},"end":{"line":263,"column":4}},"124":{"start":{"line":249,"column":4},"end":{"line":249,"column":45}},"125":{"start":{"line":250,"column":4},"end":{"line":250,"column":39}},"126":{"start":{"line":251,"column":4},"end":{"line":251,"column":36}},"127":{"start":{"line":252,"column":10},"end":{"line":263,"column":4}},"128":{"start":{"line":253,"column":4},"end":{"line":253,"column":43}},"129":{"start":{"line":254,"column":4},"end":{"line":254,"column":41}},"130":{"start":{"line":255,"column":4},"end":{"line":255,"column":38}},"131":{"start":{"line":256,"column":10},"end":{"line":263,"column":4}},"132":{"start":{"line":257,"column":4},"end":{"line":257,"column":39}},"133":{"start":{"line":258,"column":4},"end":{"line":258,"column":40}},"134":{"start":{"line":260,"column":4},"end":{"line":260,"column":42}},"135":{"start":{"line":261,"column":4},"end":{"line":261,"column":35}},"136":{"start":{"line":262,"column":4},"end":{"line":262,"column":73}},"137":{"start":{"line":262,"column":24},"end":{"line":262,"column":72}},"138":{"start":{"line":265,"column":3},"end":{"line":265,"column":34}},"139":{"start":{"line":266,"column":3},"end":{"line":266,"column":39}},"140":{"start":{"line":268,"column":2},"end":{"line":268,"column":14}},"141":{"start":{"line":272,"column":2},"end":{"line":272,"column":34}},"142":{"start":{"line":273,"column":2},"end":{"line":273,"column":39}},"143":{"start":{"line":274,"column":2},"end":{"line":274,"column":21}},"144":{"start":{"line":275,"column":2},"end":{"line":277,"column":3}},"145":{"start":{"line":276,"column":3},"end":{"line":276,"column":37}},"146":{"start":{"line":281,"column":19},"end":{"line":281,"column":38}},"147":{"start":{"line":282,"column":2},"end":{"line":282,"column":28}},"148":{"start":{"line":283,"column":2},"end":{"line":283,"column":70}},"149":{"start":{"line":284,"column":2},"end":{"line":284,"column":28}},"150":{"start":{"line":288,"column":19},"end":{"line":288,"column":54}},"151":{"start":{"line":289,"column":17},"end":{"line":289,"column":83}},"152":{"start":{"line":290,"column":2},"end":{"line":290,"column":94}},"153":{"start":{"line":291,"column":2},"end":{"line":291,"column":28}},"154":{"start":{"line":292,"column":2},"end":{"line":292,"column":48}},"155":{"start":{"line":296,"column":2},"end":{"line":296,"column":28}},"156":{"start":{"line":297,"column":19},"end":{"line":297,"column":54}},"157":{"start":{"line":298,"column":2},"end":{"line":298,"column":29}},"158":{"start":{"line":298,"column":17},"end":{"line":298,"column":29}},"159":{"start":{"line":299,"column":2},"end":{"line":304,"column":3}},"160":{"start":{"line":300,"column":3},"end":{"line":300,"column":34}},"161":{"start":{"line":301,"column":3},"end":{"line":301,"column":35}},"162":{"start":{"line":302,"column":3},"end":{"line":302,"column":28}},"163":{"start":{"line":303,"column":3},"end":{"line":303,"column":53}},"164":{"start":{"line":308,"column":2},"end":{"line":308,"column":40}},"165":{"start":{"line":308,"column":28},"end":{"line":308,"column":40}},"166":{"start":{"line":309,"column":2},"end":{"line":309,"column":59}},"167":{"start":{"line":310,"column":2},"end":{"line":310,"column":34}},"168":{"start":{"line":311,"column":2},"end":{"line":311,"column":34}},"169":{"start":{"line":312,"column":2},"end":{"line":312,"column":38}},"170":{"start":{"line":313,"column":2},"end":{"line":313,"column":28}},"171":{"start":{"line":314,"column":2},"end":{"line":314,"column":24}},"172":{"start":{"line":318,"column":2},"end":{"line":318,"column":61}},"173":{"start":{"line":319,"column":2},"end":{"line":319,"column":53}}},"fnMap":{"0":{"name":"(anonymous_0)","decl":{"start":{"line":15,"column":1},"end":{"line":15,"column":2}},"loc":{"start":{"line":15,"column":37},"end":{"line":30,"column":2}},"line":15},"1":{"name":"(anonymous_1)","decl":{"start":{"line":32,"column":1},"end":{"line":32,"column":2}},"loc":{"start":{"line":32,"column":8},"end":{"line":49,"column":2}},"line":32},"2":{"name":"(anonymous_2)","decl":{"start":{"line":42,"column":35},"end":{"line":42,"column":36}},"loc":{"start":{"line":42,"column":41},"end":{"line":42,"column":75}},"line":42},"3":{"name":"(anonymous_3)","decl":{"start":{"line":43,"column":36},"end":{"line":43,"column":37}},"loc":{"start":{"line":43,"column":42},"end":{"line":43,"column":77}},"line":43},"4":{"name":"(anonymous_4)","decl":{"start":{"line":44,"column":36},"end":{"line":44,"column":37}},"loc":{"start":{"line":44,"column":42},"end":{"line":44,"column":77}},"line":44},"5":{"name":"(anonymous_5)","decl":{"start":{"line":45,"column":36},"end":{"line":45,"column":37}},"loc":{"start":{"line":45,"column":42},"end":{"line":45,"column":76}},"line":45},"6":{"name":"(anonymous_6)","decl":{"start":{"line":46,"column":25},"end":{"line":46,"column":26}},"loc":{"start":{"line":46,"column":36},"end":{"line":46,"column":56}},"line":46},"7":{"name":"(anonymous_7)","decl":{"start":{"line":47,"column":34},"end":{"line":47,"column":35}},"loc":{"start":{"line":47,"column":40},"end":{"line":47,"column":55}},"line":47},"8":{"name":"(anonymous_8)","decl":{"start":{"line":51,"column":1},"end":{"line":51,"column":2}},"loc":{"start":{"line":51,"column":42},"end":{"line":61,"column":2}},"line":51},"9":{"name":"(anonymous_9)","decl":{"start":{"line":63,"column":1},"end":{"line":63,"column":2}},"loc":{"start":{"line":63,"column":34},"end":{"line":65,"column":2}},"line":63},"10":{"name":"(anonymous_10)","decl":{"start":{"line":67,"column":1},"end":{"line":67,"column":2}},"loc":{"start":{"line":67,"column":16},"end":{"line":69,"column":2}},"line":67},"11":{"name":"(anonymous_11)","decl":{"start":{"line":71,"column":1},"end":{"line":71,"column":2}},"loc":{"start":{"line":71,"column":17},"end":{"line":94,"column":2}},"line":71},"12":{"name":"(anonymous_12)","decl":{"start":{"line":96,"column":1},"end":{"line":96,"column":2}},"loc":{"start":{"line":96,"column":12},"end":{"line":102,"column":2}},"line":96},"13":{"name":"(anonymous_13)","decl":{"start":{"line":104,"column":1},"end":{"line":104,"column":2}},"loc":{"start":{"line":104,"column":13},"end":{"line":108,"column":2}},"line":104},"14":{"name":"(anonymous_14)","decl":{"start":{"line":105,"column":25},"end":{"line":105,"column":26}},"loc":{"start":{"line":105,"column":36},"end":{"line":105,"column":56}},"line":105},"15":{"name":"(anonymous_15)","decl":{"start":{"line":110,"column":1},"end":{"line":110,"column":2}},"loc":{"start":{"line":110,"column":11},"end":{"line":114,"column":2}},"line":110},"16":{"name":"(anonymous_16)","decl":{"start":{"line":111,"column":34},"end":{"line":111,"column":35}},"loc":{"start":{"line":111,"column":40},"end":{"line":111,"column":55}},"line":111},"17":{"name":"(anonymous_17)","decl":{"start":{"line":116,"column":1},"end":{"line":116,"column":2}},"loc":{"start":{"line":116,"column":24},"end":{"line":119,"column":2}},"line":116},"18":{"name":"(anonymous_18)","decl":{"start":{"line":121,"column":1},"end":{"line":121,"column":2}},"loc":{"start":{"line":121,"column":19},"end":{"line":123,"column":2}},"line":121},"19":{"name":"(anonymous_19)","decl":{"start":{"line":125,"column":1},"end":{"line":125,"column":2}},"loc":{"start":{"line":125,"column":17},"end":{"line":128,"column":2}},"line":125},"20":{"name":"(anonymous_20)","decl":{"start":{"line":130,"column":1},"end":{"line":130,"column":2}},"loc":{"start":{"line":130,"column":12},"end":{"line":132,"column":2}},"line":130},"21":{"name":"(anonymous_21)","decl":{"start":{"line":134,"column":1},"end":{"line":134,"column":2}},"loc":{"start":{"line":134,"column":18},"end":{"line":137,"column":2}},"line":134},"22":{"name":"(anonymous_22)","decl":{"start":{"line":139,"column":1},"end":{"line":139,"column":2}},"loc":{"start":{"line":139,"column":13},"end":{"line":141,"column":2}},"line":139},"23":{"name":"(anonymous_23)","decl":{"start":{"line":143,"column":1},"end":{"line":143,"column":2}},"loc":{"start":{"line":143,"column":22},"end":{"line":149,"column":2}},"line":143},"24":{"name":"(anonymous_24)","decl":{"start":{"line":151,"column":1},"end":{"line":151,"column":2}},"loc":{"start":{"line":151,"column":17},"end":{"line":153,"column":2}},"line":151},"25":{"name":"(anonymous_25)","decl":{"start":{"line":155,"column":1},"end":{"line":155,"column":2}},"loc":{"start":{"line":155,"column":17},"end":{"line":170,"column":2}},"line":155},"26":{"name":"(anonymous_26)","decl":{"start":{"line":172,"column":1},"end":{"line":172,"column":2}},"loc":{"start":{"line":172,"column":12},"end":{"line":174,"column":2}},"line":172},"27":{"name":"(anonymous_27)","decl":{"start":{"line":176,"column":1},"end":{"line":176,"column":2}},"loc":{"start":{"line":176,"column":22},"end":{"line":179,"column":2}},"line":176},"28":{"name":"(anonymous_28)","decl":{"start":{"line":181,"column":1},"end":{"line":181,"column":2}},"loc":{"start":{"line":181,"column":17},"end":{"line":183,"column":2}},"line":181},"29":{"name":"(anonymous_29)","decl":{"start":{"line":185,"column":1},"end":{"line":185,"column":2}},"loc":{"start":{"line":185,"column":15},"end":{"line":196,"column":2}},"line":185},"30":{"name":"(anonymous_30)","decl":{"start":{"line":198,"column":1},"end":{"line":198,"column":2}},"loc":{"start":{"line":198,"column":19},"end":{"line":208,"column":2}},"line":198},"31":{"name":"(anonymous_31)","decl":{"start":{"line":210,"column":1},"end":{"line":210,"column":2}},"loc":{"start":{"line":210,"column":12},"end":{"line":215,"column":2}},"line":210},"32":{"name":"(anonymous_32)","decl":{"start":{"line":217,"column":1},"end":{"line":217,"column":2}},"loc":{"start":{"line":217,"column":12},"end":{"line":219,"column":2}},"line":217},"33":{"name":"(anonymous_33)","decl":{"start":{"line":221,"column":1},"end":{"line":221,"column":2}},"loc":{"start":{"line":221,"column":15},"end":{"line":225,"column":2}},"line":221},"34":{"name":"(anonymous_34)","decl":{"start":{"line":227,"column":1},"end":{"line":227,"column":2}},"loc":{"start":{"line":227,"column":26},"end":{"line":231,"column":2}},"line":227},"35":{"name":"(anonymous_35)","decl":{"start":{"line":233,"column":1},"end":{"line":233,"column":2}},"loc":{"start":{"line":233,"column":25},"end":{"line":235,"column":2}},"line":233},"36":{"name":"(anonymous_36)","decl":{"start":{"line":237,"column":1},"end":{"line":237,"column":2}},"loc":{"start":{"line":237,"column":20},"end":{"line":269,"column":2}},"line":237},"37":{"name":"(anonymous_37)","decl":{"start":{"line":262,"column":18},"end":{"line":262,"column":19}},"loc":{"start":{"line":262,"column":24},"end":{"line":262,"column":72}},"line":262},"38":{"name":"(anonymous_38)","decl":{"start":{"line":271,"column":1},"end":{"line":271,"column":2}},"loc":{"start":{"line":271,"column":20},"end":{"line":278,"column":2}},"line":271},"39":{"name":"(anonymous_39)","decl":{"start":{"line":280,"column":1},"end":{"line":280,"column":2}},"loc":{"start":{"line":280,"column":27},"end":{"line":285,"column":2}},"line":280},"40":{"name":"(anonymous_40)","decl":{"start":{"line":287,"column":1},"end":{"line":287,"column":2}},"loc":{"start":{"line":287,"column":29},"end":{"line":293,"column":2}},"line":287},"41":{"name":"(anonymous_41)","decl":{"start":{"line":295,"column":1},"end":{"line":295,"column":2}},"loc":{"start":{"line":295,"column":25},"end":{"line":305,"column":2}},"line":295},"42":{"name":"(anonymous_42)","decl":{"start":{"line":307,"column":1},"end":{"line":307,"column":2}},"loc":{"start":{"line":307,"column":22},"end":{"line":315,"column":2}},"line":307},"43":{"name":"(anonymous_43)","decl":{"start":{"line":317,"column":1},"end":{"line":317,"column":2}},"loc":{"start":{"line":317,"column":21},"end":{"line":320,"column":2}},"line":317}},"branchMap":{"0":{"loc":{"start":{"line":20,"column":19},"end":{"line":20,"column":48}},"type":"binary-expr","locations":[{"start":{"line":20,"column":19},"end":{"line":20,"column":43}},{"start":{"line":20,"column":47},"end":{"line":20,"column":48}}],"line":20},"1":{"loc":{"start":{"line":24,"column":2},"end":{"line":29,"column":3}},"type":"if","locations":[{"start":{"line":24,"column":2},"end":{"line":29,"column":3}},{"start":{"line":26,"column":9},"end":{"line":29,"column":3}}],"line":24},"2":{"loc":{"start":{"line":63,"column":10},"end":{"line":63,"column":32}},"type":"default-arg","locations":[{"start":{"line":63,"column":17},"end":{"line":63,"column":32}}],"line":63},"3":{"loc":{"start":{"line":99,"column":2},"end":{"line":101,"column":3}},"type":"if","locations":[{"start":{"line":99,"column":2},"end":{"line":101,"column":3}},{"start":{},"end":{}}],"line":99},"4":{"loc":{"start":{"line":156,"column":2},"end":{"line":158,"column":3}},"type":"if","locations":[{"start":{"line":156,"column":2},"end":{"line":158,"column":3}},{"start":{},"end":{}}],"line":156},"5":{"loc":{"start":{"line":167,"column":2},"end":{"line":167,"column":38}},"type":"if","locations":[{"start":{"line":167,"column":2},"end":{"line":167,"column":38}},{"start":{},"end":{}}],"line":167},"6":{"loc":{"start":{"line":186,"column":2},"end":{"line":194,"column":3}},"type":"if","locations":[{"start":{"line":186,"column":2},"end":{"line":194,"column":3}},{"start":{},"end":{}}],"line":186},"7":{"loc":{"start":{"line":188,"column":3},"end":{"line":192,"column":4}},"type":"if","locations":[{"start":{"line":188,"column":3},"end":{"line":192,"column":4}},{"start":{"line":190,"column":10},"end":{"line":192,"column":4}}],"line":188},"8":{"loc":{"start":{"line":200,"column":2},"end":{"line":202,"column":3}},"type":"if","locations":[{"start":{"line":200,"column":2},"end":{"line":202,"column":3}},{"start":{},"end":{}}],"line":200},"9":{"loc":{"start":{"line":203,"column":2},"end":{"line":207,"column":3}},"type":"if","locations":[{"start":{"line":203,"column":2},"end":{"line":207,"column":3}},{"start":{"line":205,"column":9},"end":{"line":207,"column":3}}],"line":203},"10":{"loc":{"start":{"line":222,"column":2},"end":{"line":224,"column":3}},"type":"if","locations":[{"start":{"line":222,"column":2},"end":{"line":224,"column":3}},{"start":{},"end":{}}],"line":222},"11":{"loc":{"start":{"line":222,"column":6},"end":{"line":222,"column":52}},"type":"binary-expr","locations":[{"start":{"line":222,"column":6},"end":{"line":222,"column":39}},{"start":{"line":222,"column":43},"end":{"line":222,"column":52}}],"line":222},"12":{"loc":{"start":{"line":228,"column":2},"end":{"line":230,"column":3}},"type":"if","locations":[{"start":{"line":228,"column":2},"end":{"line":230,"column":3}},{"start":{},"end":{}}],"line":228},"13":{"loc":{"start":{"line":239,"column":2},"end":{"line":242,"column":3}},"type":"if","locations":[{"start":{"line":239,"column":2},"end":{"line":242,"column":3}},{"start":{},"end":{}}],"line":239},"14":{"loc":{"start":{"line":243,"column":2},"end":{"line":245,"column":3}},"type":"if","locations":[{"start":{"line":243,"column":2},"end":{"line":245,"column":3}},{"start":{},"end":{}}],"line":243},"15":{"loc":{"start":{"line":247,"column":2},"end":{"line":267,"column":3}},"type":"if","locations":[{"start":{"line":247,"column":2},"end":{"line":267,"column":3}},{"start":{"line":264,"column":9},"end":{"line":267,"column":3}}],"line":247},"16":{"loc":{"start":{"line":248,"column":3},"end":{"line":263,"column":4}},"type":"if","locations":[{"start":{"line":248,"column":3},"end":{"line":263,"column":4}},{"start":{"line":252,"column":10},"end":{"line":263,"column":4}}],"line":248},"17":{"loc":{"start":{"line":252,"column":10},"end":{"line":263,"column":4}},"type":"if","locations":[{"start":{"line":252,"column":10},"end":{"line":263,"column":4}},{"start":{"line":256,"column":10},"end":{"line":263,"column":4}}],"line":252},"18":{"loc":{"start":{"line":256,"column":10},"end":{"line":263,"column":4}},"type":"if","locations":[{"start":{"line":256,"column":10},"end":{"line":263,"column":4}},{"start":{"line":259,"column":10},"end":{"line":263,"column":4}}],"line":256},"19":{"loc":{"start":{"line":275,"column":2},"end":{"line":277,"column":3}},"type":"if","locations":[{"start":{"line":275,"column":2},"end":{"line":277,"column":3}},{"start":{},"end":{}}],"line":275},"20":{"loc":{"start":{"line":275,"column":6},"end":{"line":275,"column":67}},"type":"binary-expr","locations":[{"start":{"line":275,"column":6},"end":{"line":275,"column":25}},{"start":{"line":275,"column":29},"end":{"line":275,"column":67}}],"line":275},"21":{"loc":{"start":{"line":298,"column":2},"end":{"line":298,"column":29}},"type":"if","locations":[{"start":{"line":298,"column":2},"end":{"line":298,"column":29}},{"start":{},"end":{}}],"line":298},"22":{"loc":{"start":{"line":299,"column":2},"end":{"line":304,"column":3}},"type":"if","locations":[{"start":{"line":299,"column":2},"end":{"line":304,"column":3}},{"start":{},"end":{}}],"line":299},"23":{"loc":{"start":{"line":308,"column":2},"end":{"line":308,"column":40}},"type":"if","locations":[{"start":{"line":308,"column":2},"end":{"line":308,"column":40}},{"start":{},"end":{}}],"line":308}},"s":{"0":0,"1":0,"2":0,"3":0,"4":0,"5":0,"6":0,"7":0,"8":0,"9":0,"10":0,"11":0,"12":0,"13":0,"14":0,"15":0,"16":0,"17":0,"18":0,"19":0,"20":0,"21":0,"22":0,"23":0,"24":0,"25":0,"26":0,"27":0,"28":0,"29":0,"30":0,"31":0,"32":0,"33":0,"34":0,"35":0,"36":0,"37":0,"38":0,"39":0,"40":0,"41":0,"42":0,"43":0,"44":0,"45":0,"46":0,"47":0,"48":0,"49":0,"50":0,"51":0,"52":0,"53":0,"54":0,"55":0,"56":0,"57":0,"58":0,"59":0,"60":0,"61":0,"62":0,"63":0,"64":0,"65":0,"66":0,"67":0,"68":0,"69":0,"70":0,"71":0,"72":0,"73":0,"74":0,"75":0,"76":0,"77":0,"78":0,"79":0,"80":0,"81":0,"82":0,"83":0,"84":0,"85":0,"86":0,"87":0,"88":0,"89":0,"90":0,"91":0,"92":0,"93":0,"94":0,"95":0,"96":0,"97":0,"98":0,"99":0,"100":0,"101":0,"102":0,"103":0,"104":0,"105":0,"106":0,"107":0,"108":0,"109":0,"110":0,"111":0,"112":0,"113":0,"114":0,"115":0,"116":0,"117":0,"118":0,"119":0,"120":0,"121":0,"122":0,"123":0,"124":0,"125":0,"126":0,"127":0,"128":0,"129":0,"130":0,"131":0,"132":0,"133":0,"134":0,"135":0,"136":0,"137":0,"138":0,"139":0,"140":0,"141":0,"142":0,"143":0,"144":0,"145":0,"146":0,"147":0,"148":0,"149":0,"150":0,"151":0,"152":0,"153":0,"154":0,"155":0,"156":0,"157":0,"158":0,"159":0,"160":0,"161":0,"162":0,"163":0,"164":0,"165":0,"166":0,"167":0,"168":0,"169":0,"170":0,"171":0,"172":0,"173":0},"f":{"0":0,"1":0,"2":0,"3":0,"4":0,"5":0,"6":0,"7":0,"8":0,"9":0,"10":0,"11":0,"12":0,"13":0,"14":0,"15":0,"16":0,"17":0,"18":0,"19":0,"20":0,"21":0,"22":0,"23":0,"24":0,"25":0,"26":0,"27":0,"28":0,"29":0,"30":0,"31":0,"32":0,"33":0,"34":0,"35":0,"36":0,"37":0,"38":0,"39":0,"40":0,"41":0,"42":0,"43":0},"b":{"0":[0,0],"1":[0,0],"2":[0],"3":[0,0],"4":[0,0],"5":[0,0],"6":[0,0],"7":[0,0],"8":[0,0],"9":[0,0],"10":[0,0],"11":[0,0],"12":[0,0],"13":[0,0],"14":[0,0],"15":[0,0],"16":[0,0],"17":[0,0],"18":[0,0],"19":[0,0],"20":[0,0],"21":[0,0],"22":[0,0],"23":[0,0]},"_coverageSchema":"1a1c01bbd47fc00a2c39e90264f33305004495a9","hash":"2aad5df73f87915d8e0071622b501ff33046800b"}
,"/Users/Alen/Desktop/Новая папка 5/ajs.retro_game/src/js/GamePlay.js": {"path":"/Users/Alen/Desktop/Новая папка 5/ajs.retro_game/src/js/GamePlay.js","statementMap":{"0":{"start":{"line":21,"column":2},"end":{"line":21,"column":24}},"1":{"start":{"line":25,"column":2},"end":{"line":25,"column":29}},"2":{"start":{"line":26,"column":2},"end":{"line":26,"column":35}},"3":{"start":{"line":27,"column":2},"end":{"line":27,"column":19}},"4":{"start":{"line":28,"column":2},"end":{"line":28,"column":22}},"5":{"start":{"line":29,"column":2},"end":{"line":29,"column":18}},"6":{"start":{"line":30,"column":2},"end":{"line":30,"column":31}},"7":{"start":{"line":31,"column":2},"end":{"line":31,"column":31}},"8":{"start":{"line":32,"column":2},"end":{"line":32,"column":31}},"9":{"start":{"line":33,"column":2},"end":{"line":33,"column":29}},"10":{"start":{"line":34,"column":2},"end":{"line":34,"column":30}},"11":{"start":{"line":35,"column":2},"end":{"line":35,"column":30}},"12":{"start":{"line":36,"column":2},"end":{"line":36,"column":30}},"13":{"start":{"line":37,"column":2},"end":{"line":37,"column":21}},"14":{"start":{"line":38,"column":2},"end":{"line":38,"column":54}},"15":{"start":{"line":39,"column":2},"end":{"line":39,"column":19}},"16":{"start":{"line":43,"column":2},"end":{"line":49,"column":4}},"17":{"start":{"line":53,"column":2},"end":{"line":55,"column":3}},"18":{"start":{"line":54,"column":3},"end":{"line":54,"column":51}},"19":{"start":{"line":56,"column":2},"end":{"line":56,"column":29}},"20":{"start":{"line":57,"column":2},"end":{"line":57,"column":41}},"21":{"start":{"line":66,"column":2},"end":{"line":66,"column":22}},"22":{"start":{"line":67,"column":2},"end":{"line":67,"column":50}},"23":{"start":{"line":68,"column":2},"end":{"line":68,"column":76}},"24":{"start":{"line":69,"column":2},"end":{"line":69,"column":74}},"25":{"start":{"line":70,"column":2},"end":{"line":70,"column":74}},"26":{"start":{"line":71,"column":2},"end":{"line":71,"column":74}},"27":{"start":{"line":72,"column":2},"end":{"line":72,"column":67}},"28":{"start":{"line":73,"column":2},"end":{"line":73,"column":63}},"29":{"start":{"line":74,"column":2},"end":{"line":74,"column":63}},"30":{"start":{"line":75,"column":2},"end":{"line":75,"column":75}},"31":{"start":{"line":76,"column":2},"end":{"line":76,"column":69}},"32":{"start":{"line":78,"column":2},"end":{"line":78,"column":40}},"33":{"start":{"line":79,"column":2},"end":{"line":79,"column":54}},"34":{"start":{"line":80,"column":2},"end":{"line":80,"column":82}},"35":{"start":{"line":80,"column":54},"end":{"line":80,"column":80}},"36":{"start":{"line":81,"column":2},"end":{"line":81,"column":84}},"37":{"start":{"line":81,"column":55},"end":{"line":81,"column":82}},"38":{"start":{"line":82,"column":2},"end":{"line":82,"column":84}},"39":{"start":{"line":82,"column":55},"end":{"line":82,"column":82}},"40":{"start":{"line":83,"column":2},"end":{"line":83,"column":84}},"41":{"start":{"line":83,"column":55},"end":{"line":83,"column":82}},"42":{"start":{"line":85,"column":2},"end":{"line":85,"column":65}},"43":{"start":{"line":86,"column":2},"end":{"line":86,"column":81}},"44":{"start":{"line":88,"column":2},"end":{"line":88,"column":36}},"45":{"start":{"line":89,"column":2},"end":{"line":96,"column":3}},"46":{"start":{"line":89,"column":15},"end":{"line":89,"column":16}},"47":{"start":{"line":90,"column":18},"end":{"line":90,"column":47}},"48":{"start":{"line":91,"column":3},"end":{"line":91,"column":87}},"49":{"start":{"line":92,"column":3},"end":{"line":92,"column":77}},"50":{"start":{"line":92,"column":52},"end":{"line":92,"column":75}},"51":{"start":{"line":93,"column":3},"end":{"line":93,"column":77}},"52":{"start":{"line":93,"column":52},"end":{"line":93,"column":75}},"53":{"start":{"line":94,"column":3},"end":{"line":94,"column":72}},"54":{"start":{"line":94,"column":47},"end":{"line":94,"column":70}},"55":{"start":{"line":95,"column":3},"end":{"line":95,"column":36}},"56":{"start":{"line":97,"column":2},"end":{"line":97,"column":49}},"57":{"start":{"line":101,"column":2},"end":{"line":101,"column":70}},"58":{"start":{"line":102,"column":2},"end":{"line":102,"column":67}},"59":{"start":{"line":103,"column":2},"end":{"line":103,"column":85}},"60":{"start":{"line":104,"column":2},"end":{"line":104,"column":122}},"61":{"start":{"line":105,"column":2},"end":{"line":105,"column":77}},"62":{"start":{"line":106,"column":2},"end":{"line":106,"column":110}},"63":{"start":{"line":107,"column":2},"end":{"line":107,"column":77}},"64":{"start":{"line":108,"column":2},"end":{"line":108,"column":110}},"65":{"start":{"line":109,"column":2},"end":{"line":109,"column":82}},"66":{"start":{"line":110,"column":2},"end":{"line":110,"column":120}},"67":{"start":{"line":111,"column":2},"end":{"line":111,"column":79}},"68":{"start":{"line":112,"column":2},"end":{"line":112,"column":114}},"69":{"start":{"line":116,"column":18},"end":{"line":116,"column":45}},"70":{"start":{"line":117,"column":2},"end":{"line":117,"column":27}},"71":{"start":{"line":118,"column":2},"end":{"line":118,"column":48}},"72":{"start":{"line":119,"column":2},"end":{"line":119,"column":30}},"73":{"start":{"line":120,"column":2},"end":{"line":120,"column":17}},"74":{"start":{"line":129,"column":2},"end":{"line":131,"column":3}},"75":{"start":{"line":130,"column":3},"end":{"line":130,"column":23}},"76":{"start":{"line":132,"column":2},"end":{"line":145,"column":3}},"77":{"start":{"line":133,"column":18},"end":{"line":133,"column":58}},"78":{"start":{"line":134,"column":18},"end":{"line":134,"column":47}},"79":{"start":{"line":135,"column":3},"end":{"line":135,"column":62}},"80":{"start":{"line":136,"column":20},"end":{"line":136,"column":49}},"81":{"start":{"line":137,"column":3},"end":{"line":137,"column":42}},"82":{"start":{"line":138,"column":29},"end":{"line":138,"column":58}},"83":{"start":{"line":139,"column":3},"end":{"line":140,"column":76}},"84":{"start":{"line":141,"column":3},"end":{"line":141,"column":67}},"85":{"start":{"line":142,"column":3},"end":{"line":142,"column":43}},"86":{"start":{"line":143,"column":3},"end":{"line":143,"column":32}},"87":{"start":{"line":144,"column":3},"end":{"line":144,"column":30}},"88":{"start":{"line":146,"column":2},"end":{"line":146,"column":21}},"89":{"start":{"line":147,"column":2},"end":{"line":147,"column":26}},"90":{"start":{"line":153,"column":6},"end":{"line":153,"column":20}},"91":{"start":{"line":159,"column":6},"end":{"line":159,"column":16}},"92":{"start":{"line":160,"column":2},"end":{"line":160,"column":43}},"93":{"start":{"line":161,"column":2},"end":{"line":161,"column":43}},"94":{"start":{"line":162,"column":2},"end":{"line":162,"column":54}},"95":{"start":{"line":163,"column":2},"end":{"line":163,"column":51}},"96":{"start":{"line":164,"column":2},"end":{"line":164,"column":52}},"97":{"start":{"line":165,"column":2},"end":{"line":165,"column":57}},"98":{"start":{"line":169,"column":2},"end":{"line":169,"column":57}},"99":{"start":{"line":179,"column":6},"end":{"line":179,"column":15}},"100":{"start":{"line":180,"column":2},"end":{"line":180,"column":62}},"101":{"start":{"line":181,"column":2},"end":{"line":181,"column":53}},"102":{"start":{"line":182,"column":2},"end":{"line":182,"column":53}},"103":{"start":{"line":183,"column":2},"end":{"line":183,"column":63}},"104":{"start":{"line":184,"column":2},"end":{"line":184,"column":57}},"105":{"start":{"line":193,"column":2},"end":{"line":193,"column":41}},"106":{"start":{"line":202,"column":2},"end":{"line":202,"column":41}},"107":{"start":{"line":211,"column":2},"end":{"line":211,"column":41}},"108":{"start":{"line":220,"column":2},"end":{"line":220,"column":39}},"109":{"start":{"line":229,"column":2},"end":{"line":229,"column":40}},"110":{"start":{"line":238,"column":2},"end":{"line":238,"column":40}},"111":{"start":{"line":247,"column":2},"end":{"line":247,"column":40}},"112":{"start":{"line":251,"column":2},"end":{"line":251,"column":25}},"113":{"start":{"line":252,"column":16},"end":{"line":252,"column":55}},"114":{"start":{"line":253,"column":2},"end":{"line":253,"column":62}},"115":{"start":{"line":253,"column":41},"end":{"line":253,"column":60}},"116":{"start":{"line":257,"column":2},"end":{"line":257,"column":25}},"117":{"start":{"line":258,"column":16},"end":{"line":258,"column":55}},"118":{"start":{"line":259,"column":2},"end":{"line":259,"column":62}},"119":{"start":{"line":259,"column":41},"end":{"line":259,"column":60}},"120":{"start":{"line":263,"column":16},"end":{"line":263,"column":55}},"121":{"start":{"line":264,"column":2},"end":{"line":264,"column":62}},"122":{"start":{"line":264,"column":41},"end":{"line":264,"column":60}},"123":{"start":{"line":268,"column":2},"end":{"line":268,"column":25}},"124":{"start":{"line":269,"column":2},"end":{"line":269,"column":53}},"125":{"start":{"line":269,"column":39},"end":{"line":269,"column":51}},"126":{"start":{"line":273,"column":2},"end":{"line":273,"column":25}},"127":{"start":{"line":274,"column":2},"end":{"line":274,"column":54}},"128":{"start":{"line":274,"column":40},"end":{"line":274,"column":52}},"129":{"start":{"line":278,"column":2},"end":{"line":278,"column":25}},"130":{"start":{"line":279,"column":2},"end":{"line":279,"column":54}},"131":{"start":{"line":279,"column":40},"end":{"line":279,"column":52}},"132":{"start":{"line":283,"column":2},"end":{"line":283,"column":25}},"133":{"start":{"line":284,"column":2},"end":{"line":284,"column":54}},"134":{"start":{"line":284,"column":40},"end":{"line":284,"column":52}},"135":{"start":{"line":288,"column":2},"end":{"line":288,"column":32}},"136":{"start":{"line":292,"column":2},"end":{"line":292,"column":34}},"137":{"start":{"line":296,"column":2},"end":{"line":296,"column":27}},"138":{"start":{"line":297,"column":2},"end":{"line":297,"column":67}},"139":{"start":{"line":301,"column":15},"end":{"line":301,"column":32}},"140":{"start":{"line":302,"column":2},"end":{"line":303,"column":45}},"141":{"start":{"line":303,"column":18},"end":{"line":303,"column":42}},"142":{"start":{"line":307,"column":19},"end":{"line":307,"column":63}},"143":{"start":{"line":308,"column":18},"end":{"line":308,"column":61}},"144":{"start":{"line":309,"column":2},"end":{"line":309,"column":63}},"145":{"start":{"line":309,"column":29},"end":{"line":309,"column":61}},"146":{"start":{"line":310,"column":2},"end":{"line":311,"column":46}},"147":{"start":{"line":310,"column":30},"end":{"line":311,"column":44}},"148":{"start":{"line":311,"column":18},"end":{"line":311,"column":42}},"149":{"start":{"line":315,"column":2},"end":{"line":315,"column":45}},"150":{"start":{"line":319,"column":2},"end":{"line":319,"column":48}},"151":{"start":{"line":323,"column":2},"end":{"line":323,"column":67}},"152":{"start":{"line":323,"column":23},"end":{"line":323,"column":65}},"153":{"start":{"line":327,"column":2},"end":{"line":327,"column":69}},"154":{"start":{"line":327,"column":31},"end":{"line":327,"column":67}},"155":{"start":{"line":331,"column":2},"end":{"line":331,"column":36}},"156":{"start":{"line":335,"column":2},"end":{"line":335,"column":31}},"157":{"start":{"line":339,"column":2},"end":{"line":352,"column":5}},"158":{"start":{"line":340,"column":16},"end":{"line":340,"column":33}},"159":{"start":{"line":341,"column":20},"end":{"line":341,"column":50}},"160":{"start":{"line":342,"column":3},"end":{"line":342,"column":33}},"161":{"start":{"line":343,"column":3},"end":{"line":343,"column":36}},"162":{"start":{"line":344,"column":3},"end":{"line":344,"column":30}},"163":{"start":{"line":346,"column":3},"end":{"line":351,"column":6}},"164":{"start":{"line":347,"column":4},"end":{"line":349,"column":5}},"165":{"start":{"line":348,"column":5},"end":{"line":348,"column":32}},"166":{"start":{"line":350,"column":4},"end":{"line":350,"column":14}},"167":{"start":{"line":356,"column":19},"end":{"line":356,"column":35}},"168":{"start":{"line":357,"column":17},"end":{"line":357,"column":31}},"169":{"start":{"line":363,"column":6},"end":{"line":363,"column":38}},"170":{"start":{"line":369,"column":6},"end":{"line":369,"column":36}},"171":{"start":{"line":370,"column":17},"end":{"line":370,"column":26}},"172":{"start":{"line":371,"column":17},"end":{"line":371,"column":26}},"173":{"start":{"line":372,"column":16},"end":{"line":372,"column":27}},"174":{"start":{"line":373,"column":16},"end":{"line":373,"column":27}},"175":{"start":{"line":374,"column":19},"end":{"line":374,"column":59}},"176":{"start":{"line":375,"column":2},"end":{"line":379,"column":3}},"177":{"start":{"line":376,"column":3},"end":{"line":376,"column":91}},"178":{"start":{"line":378,"column":3},"end":{"line":378,"column":62}},"179":{"start":{"line":383,"column":16},"end":{"line":383,"column":48}},"180":{"start":{"line":384,"column":2},"end":{"line":395,"column":3}},"181":{"start":{"line":385,"column":3},"end":{"line":392,"column":5}},"182":{"start":{"line":394,"column":3},"end":{"line":394,"column":65}},"183":{"start":{"line":399,"column":20},"end":{"line":399,"column":56}},"184":{"start":{"line":400,"column":2},"end":{"line":400,"column":70}},"185":{"start":{"line":404,"column":19},"end":{"line":404,"column":55}},"186":{"start":{"line":405,"column":2},"end":{"line":405,"column":69}},"187":{"start":{"line":406,"column":2},"end":{"line":406,"column":69}},"188":{"start":{"line":410,"column":19},"end":{"line":410,"column":49}},"189":{"start":{"line":411,"column":2},"end":{"line":411,"column":42}},"190":{"start":{"line":412,"column":2},"end":{"line":412,"column":31}},"191":{"start":{"line":413,"column":2},"end":{"line":413,"column":69}},"192":{"start":{"line":417,"column":17},"end":{"line":417,"column":40}},"193":{"start":{"line":418,"column":17},"end":{"line":418,"column":40}},"194":{"start":{"line":419,"column":2},"end":{"line":419,"column":72}},"195":{"start":{"line":423,"column":2},"end":{"line":426,"column":3}},"196":{"start":{"line":424,"column":3},"end":{"line":424,"column":53}},"197":{"start":{"line":425,"column":3},"end":{"line":425,"column":54}},"198":{"start":{"line":427,"column":2},"end":{"line":434,"column":3}},"199":{"start":{"line":428,"column":3},"end":{"line":433,"column":6}},"200":{"start":{"line":429,"column":4},"end":{"line":432,"column":6}},"201":{"start":{"line":430,"column":11},"end":{"line":430,"column":91}},"202":{"start":{"line":435,"column":2},"end":{"line":435,"column":14}},"203":{"start":{"line":439,"column":2},"end":{"line":439,"column":46}},"204":{"start":{"line":443,"column":2},"end":{"line":445,"column":3}},"205":{"start":{"line":444,"column":3},"end":{"line":444,"column":47}},"206":{"start":{"line":449,"column":2},"end":{"line":449,"column":37}},"207":{"start":{"line":450,"column":2},"end":{"line":450,"column":34}},"208":{"start":{"line":454,"column":15},"end":{"line":454,"column":39}},"209":{"start":{"line":455,"column":15},"end":{"line":455,"column":37}},"210":{"start":{"line":456,"column":2},"end":{"line":456,"column":22}}},"fnMap":{"0":{"name":"(anonymous_0)","decl":{"start":{"line":20,"column":1},"end":{"line":20,"column":2}},"loc":{"start":{"line":20,"column":15},"end":{"line":22,"column":2}},"line":20},"1":{"name":"(anonymous_1)","decl":{"start":{"line":24,"column":1},"end":{"line":24,"column":2}},"loc":{"start":{"line":24,"column":30},"end":{"line":40,"column":2}},"line":24},"2":{"name":"(anonymous_2)","decl":{"start":{"line":42,"column":1},"end":{"line":42,"column":2}},"loc":{"start":{"line":42,"column":13},"end":{"line":50,"column":2}},"line":42},"3":{"name":"(anonymous_3)","decl":{"start":{"line":52,"column":1},"end":{"line":52,"column":2}},"loc":{"start":{"line":52,"column":22},"end":{"line":58,"column":2}},"line":52},"4":{"name":"(anonymous_4)","decl":{"start":{"line":65,"column":1},"end":{"line":65,"column":2}},"loc":{"start":{"line":65,"column":15},"end":{"line":98,"column":2}},"line":65},"5":{"name":"(anonymous_5)","decl":{"start":{"line":80,"column":43},"end":{"line":80,"column":44}},"loc":{"start":{"line":80,"column":54},"end":{"line":80,"column":80}},"line":80},"6":{"name":"(anonymous_6)","decl":{"start":{"line":81,"column":44},"end":{"line":81,"column":45}},"loc":{"start":{"line":81,"column":55},"end":{"line":81,"column":82}},"line":81},"7":{"name":"(anonymous_7)","decl":{"start":{"line":82,"column":44},"end":{"line":82,"column":45}},"loc":{"start":{"line":82,"column":55},"end":{"line":82,"column":82}},"line":82},"8":{"name":"(anonymous_8)","decl":{"start":{"line":83,"column":44},"end":{"line":83,"column":45}},"loc":{"start":{"line":83,"column":55},"end":{"line":83,"column":82}},"line":83},"9":{"name":"(anonymous_9)","decl":{"start":{"line":92,"column":41},"end":{"line":92,"column":42}},"loc":{"start":{"line":92,"column":52},"end":{"line":92,"column":75}},"line":92},"10":{"name":"(anonymous_10)","decl":{"start":{"line":93,"column":41},"end":{"line":93,"column":42}},"loc":{"start":{"line":93,"column":52},"end":{"line":93,"column":75}},"line":93},"11":{"name":"(anonymous_11)","decl":{"start":{"line":94,"column":36},"end":{"line":94,"column":37}},"loc":{"start":{"line":94,"column":47},"end":{"line":94,"column":70}},"line":94},"12":{"name":"(anonymous_12)","decl":{"start":{"line":100,"column":1},"end":{"line":100,"column":2}},"loc":{"start":{"line":100,"column":27},"end":{"line":113,"column":2}},"line":100},"13":{"name":"(anonymous_13)","decl":{"start":{"line":115,"column":1},"end":{"line":115,"column":2}},"loc":{"start":{"line":115,"column":41},"end":{"line":121,"column":2}},"line":115},"14":{"name":"(anonymous_14)","decl":{"start":{"line":128,"column":1},"end":{"line":128,"column":2}},"loc":{"start":{"line":128,"column":19},"end":{"line":148,"column":2}},"line":128},"15":{"name":"(anonymous_15)","decl":{"start":{"line":150,"column":1},"end":{"line":150,"column":2}},"loc":{"start":{"line":150,"column":20},"end":{"line":166,"column":2}},"line":150},"16":{"name":"(anonymous_16)","decl":{"start":{"line":168,"column":1},"end":{"line":168,"column":2}},"loc":{"start":{"line":168,"column":20},"end":{"line":170,"column":2}},"line":168},"17":{"name":"(anonymous_17)","decl":{"start":{"line":172,"column":1},"end":{"line":172,"column":2}},"loc":{"start":{"line":172,"column":29},"end":{"line":185,"column":2}},"line":172},"18":{"name":"(anonymous_18)","decl":{"start":{"line":192,"column":1},"end":{"line":192,"column":2}},"loc":{"start":{"line":192,"column":32},"end":{"line":194,"column":2}},"line":192},"19":{"name":"(anonymous_19)","decl":{"start":{"line":201,"column":1},"end":{"line":201,"column":2}},"loc":{"start":{"line":201,"column":32},"end":{"line":203,"column":2}},"line":201},"20":{"name":"(anonymous_20)","decl":{"start":{"line":210,"column":1},"end":{"line":210,"column":2}},"loc":{"start":{"line":210,"column":32},"end":{"line":212,"column":2}},"line":210},"21":{"name":"(anonymous_21)","decl":{"start":{"line":219,"column":1},"end":{"line":219,"column":2}},"loc":{"start":{"line":219,"column":30},"end":{"line":221,"column":2}},"line":219},"22":{"name":"(anonymous_22)","decl":{"start":{"line":228,"column":1},"end":{"line":228,"column":2}},"loc":{"start":{"line":228,"column":31},"end":{"line":230,"column":2}},"line":228},"23":{"name":"(anonymous_23)","decl":{"start":{"line":237,"column":1},"end":{"line":237,"column":2}},"loc":{"start":{"line":237,"column":31},"end":{"line":239,"column":2}},"line":237},"24":{"name":"(anonymous_24)","decl":{"start":{"line":246,"column":1},"end":{"line":246,"column":2}},"loc":{"start":{"line":246,"column":31},"end":{"line":248,"column":2}},"line":246},"25":{"name":"(anonymous_25)","decl":{"start":{"line":250,"column":1},"end":{"line":250,"column":2}},"loc":{"start":{"line":250,"column":20},"end":{"line":254,"column":2}},"line":250},"26":{"name":"(anonymous_26)","decl":{"start":{"line":253,"column":34},"end":{"line":253,"column":35}},"loc":{"start":{"line":253,"column":41},"end":{"line":253,"column":60}},"line":253},"27":{"name":"(anonymous_27)","decl":{"start":{"line":256,"column":1},"end":{"line":256,"column":2}},"loc":{"start":{"line":256,"column":20},"end":{"line":260,"column":2}},"line":256},"28":{"name":"(anonymous_28)","decl":{"start":{"line":259,"column":34},"end":{"line":259,"column":35}},"loc":{"start":{"line":259,"column":41},"end":{"line":259,"column":60}},"line":259},"29":{"name":"(anonymous_29)","decl":{"start":{"line":262,"column":1},"end":{"line":262,"column":2}},"loc":{"start":{"line":262,"column":20},"end":{"line":265,"column":2}},"line":262},"30":{"name":"(anonymous_30)","decl":{"start":{"line":264,"column":34},"end":{"line":264,"column":35}},"loc":{"start":{"line":264,"column":41},"end":{"line":264,"column":60}},"line":264},"31":{"name":"(anonymous_31)","decl":{"start":{"line":267,"column":1},"end":{"line":267,"column":2}},"loc":{"start":{"line":267,"column":23},"end":{"line":270,"column":2}},"line":267},"32":{"name":"(anonymous_32)","decl":{"start":{"line":269,"column":32},"end":{"line":269,"column":33}},"loc":{"start":{"line":269,"column":39},"end":{"line":269,"column":51}},"line":269},"33":{"name":"(anonymous_33)","decl":{"start":{"line":272,"column":1},"end":{"line":272,"column":2}},"loc":{"start":{"line":272,"column":24},"end":{"line":275,"column":2}},"line":272},"34":{"name":"(anonymous_34)","decl":{"start":{"line":274,"column":33},"end":{"line":274,"column":34}},"loc":{"start":{"line":274,"column":40},"end":{"line":274,"column":52}},"line":274},"35":{"name":"(anonymous_35)","decl":{"start":{"line":277,"column":1},"end":{"line":277,"column":2}},"loc":{"start":{"line":277,"column":24},"end":{"line":280,"column":2}},"line":277},"36":{"name":"(anonymous_36)","decl":{"start":{"line":279,"column":33},"end":{"line":279,"column":34}},"loc":{"start":{"line":279,"column":40},"end":{"line":279,"column":52}},"line":279},"37":{"name":"(anonymous_37)","decl":{"start":{"line":282,"column":1},"end":{"line":282,"column":2}},"loc":{"start":{"line":282,"column":24},"end":{"line":285,"column":2}},"line":282},"38":{"name":"(anonymous_38)","decl":{"start":{"line":284,"column":33},"end":{"line":284,"column":34}},"loc":{"start":{"line":284,"column":40},"end":{"line":284,"column":52}},"line":284},"39":{"name":"(anonymous_39)","decl":{"start":{"line":287,"column":1},"end":{"line":287,"column":2}},"loc":{"start":{"line":287,"column":20},"end":{"line":289,"column":2}},"line":287},"40":{"name":"(anonymous_40)","decl":{"start":{"line":291,"column":1},"end":{"line":291,"column":2}},"loc":{"start":{"line":291,"column":29},"end":{"line":293,"column":2}},"line":291},"41":{"name":"(anonymous_41)","decl":{"start":{"line":295,"column":1},"end":{"line":295,"column":2}},"loc":{"start":{"line":295,"column":37},"end":{"line":298,"column":2}},"line":295},"42":{"name":"(anonymous_42)","decl":{"start":{"line":300,"column":1},"end":{"line":300,"column":2}},"loc":{"start":{"line":300,"column":21},"end":{"line":304,"column":2}},"line":300},"43":{"name":"(anonymous_43)","decl":{"start":{"line":303,"column":11},"end":{"line":303,"column":12}},"loc":{"start":{"line":303,"column":18},"end":{"line":303,"column":42}},"line":303},"44":{"name":"(anonymous_44)","decl":{"start":{"line":306,"column":1},"end":{"line":306,"column":2}},"loc":{"start":{"line":306,"column":15},"end":{"line":312,"column":2}},"line":306},"45":{"name":"(anonymous_45)","decl":{"start":{"line":309,"column":19},"end":{"line":309,"column":20}},"loc":{"start":{"line":309,"column":29},"end":{"line":309,"column":61}},"line":309},"46":{"name":"(anonymous_46)","decl":{"start":{"line":310,"column":20},"end":{"line":310,"column":21}},"loc":{"start":{"line":310,"column":30},"end":{"line":311,"column":44}},"line":310},"47":{"name":"(anonymous_47)","decl":{"start":{"line":311,"column":11},"end":{"line":311,"column":12}},"loc":{"start":{"line":311,"column":18},"end":{"line":311,"column":42}},"line":311},"48":{"name":"(anonymous_48)","decl":{"start":{"line":314,"column":1},"end":{"line":314,"column":2}},"loc":{"start":{"line":314,"column":18},"end":{"line":316,"column":2}},"line":314},"49":{"name":"(anonymous_49)","decl":{"start":{"line":318,"column":1},"end":{"line":318,"column":2}},"loc":{"start":{"line":318,"column":19},"end":{"line":320,"column":2}},"line":318},"50":{"name":"(anonymous_50)","decl":{"start":{"line":322,"column":1},"end":{"line":322,"column":2}},"loc":{"start":{"line":322,"column":22},"end":{"line":324,"column":2}},"line":322},"51":{"name":"(anonymous_51)","decl":{"start":{"line":323,"column":16},"end":{"line":323,"column":17}},"loc":{"start":{"line":323,"column":23},"end":{"line":323,"column":65}},"line":323},"52":{"name":"(anonymous_52)","decl":{"start":{"line":326,"column":1},"end":{"line":326,"column":2}},"loc":{"start":{"line":326,"column":19},"end":{"line":328,"column":2}},"line":326},"53":{"name":"(anonymous_53)","decl":{"start":{"line":327,"column":21},"end":{"line":327,"column":22}},"loc":{"start":{"line":327,"column":31},"end":{"line":327,"column":67}},"line":327},"54":{"name":"(anonymous_54)","decl":{"start":{"line":330,"column":1},"end":{"line":330,"column":2}},"loc":{"start":{"line":330,"column":33},"end":{"line":332,"column":2}},"line":330},"55":{"name":"(anonymous_55)","decl":{"start":{"line":334,"column":1},"end":{"line":334,"column":2}},"loc":{"start":{"line":334,"column":24},"end":{"line":336,"column":2}},"line":334},"56":{"name":"(anonymous_56)","decl":{"start":{"line":338,"column":1},"end":{"line":338,"column":2}},"loc":{"start":{"line":338,"column":27},"end":{"line":353,"column":2}},"line":338},"57":{"name":"(anonymous_57)","decl":{"start":{"line":339,"column":21},"end":{"line":339,"column":22}},"loc":{"start":{"line":339,"column":34},"end":{"line":352,"column":3}},"line":339},"58":{"name":"(anonymous_58)","decl":{"start":{"line":346,"column":45},"end":{"line":346,"column":46}},"loc":{"start":{"line":346,"column":51},"end":{"line":351,"column":4}},"line":346},"59":{"name":"(anonymous_59)","decl":{"start":{"line":355,"column":1},"end":{"line":355,"column":2}},"loc":{"start":{"line":355,"column":43},"end":{"line":380,"column":2}},"line":355},"60":{"name":"(anonymous_60)","decl":{"start":{"line":382,"column":1},"end":{"line":382,"column":2}},"loc":{"start":{"line":382,"column":84},"end":{"line":396,"column":2}},"line":382},"61":{"name":"(anonymous_61)","decl":{"start":{"line":398,"column":1},"end":{"line":398,"column":2}},"loc":{"start":{"line":398,"column":65},"end":{"line":401,"column":2}},"line":398},"62":{"name":"(anonymous_62)","decl":{"start":{"line":403,"column":1},"end":{"line":403,"column":2}},"loc":{"start":{"line":403,"column":68},"end":{"line":407,"column":2}},"line":403},"63":{"name":"(anonymous_63)","decl":{"start":{"line":409,"column":1},"end":{"line":409,"column":2}},"loc":{"start":{"line":409,"column":71},"end":{"line":414,"column":2}},"line":409},"64":{"name":"(anonymous_64)","decl":{"start":{"line":416,"column":1},"end":{"line":416,"column":2}},"loc":{"start":{"line":416,"column":64},"end":{"line":420,"column":2}},"line":416},"65":{"name":"(anonymous_65)","decl":{"start":{"line":422,"column":1},"end":{"line":422,"column":2}},"loc":{"start":{"line":422,"column":69},"end":{"line":436,"column":2}},"line":422},"66":{"name":"(anonymous_66)","decl":{"start":{"line":428,"column":22},"end":{"line":428,"column":23}},"loc":{"start":{"line":428,"column":35},"end":{"line":433,"column":4}},"line":428},"67":{"name":"(anonymous_67)","decl":{"start":{"line":430,"column":5},"end":{"line":430,"column":6}},"loc":{"start":{"line":430,"column":11},"end":{"line":430,"column":91}},"line":430},"68":{"name":"(anonymous_68)","decl":{"start":{"line":438,"column":1},"end":{"line":438,"column":2}},"loc":{"start":{"line":438,"column":19},"end":{"line":440,"column":2}},"line":438},"69":{"name":"(anonymous_69)","decl":{"start":{"line":442,"column":1},"end":{"line":442,"column":2}},"loc":{"start":{"line":442,"column":16},"end":{"line":446,"column":2}},"line":442},"70":{"name":"(anonymous_70)","decl":{"start":{"line":448,"column":1},"end":{"line":448,"column":2}},"loc":{"start":{"line":448,"column":17},"end":{"line":451,"column":2}},"line":448},"71":{"name":"(anonymous_71)","decl":{"start":{"line":453,"column":1},"end":{"line":453,"column":2}},"loc":{"start":{"line":453,"column":17},"end":{"line":457,"column":2}},"line":453}},"branchMap":{"0":{"loc":{"start":{"line":53,"column":2},"end":{"line":55,"column":3}},"type":"if","locations":[{"start":{"line":53,"column":2},"end":{"line":55,"column":3}},{"start":{},"end":{}}],"line":53},"1":{"loc":{"start":{"line":295,"column":19},"end":{"line":295,"column":35}},"type":"default-arg","locations":[{"start":{"line":295,"column":27},"end":{"line":295,"column":35}}],"line":295},"2":{"loc":{"start":{"line":347,"column":4},"end":{"line":349,"column":5}},"type":"if","locations":[{"start":{"line":347,"column":4},"end":{"line":349,"column":5}},{"start":{},"end":{}}],"line":347},"3":{"loc":{"start":{"line":375,"column":2},"end":{"line":379,"column":3}},"type":"if","locations":[{"start":{"line":375,"column":2},"end":{"line":379,"column":3}},{"start":{"line":377
[...]
pe":"cond-expr","locations":[{"start":{"line":101,"column":31},"end":{"line":101,"column":37}},{"start":{"line":101,"column":40},"end":{"line":101,"column":49}}],"line":101},"6":{"loc":{"start":{"line":132,"column":26},"end":{"line":132,"column":46}},"type":"binary-expr","locations":[{"start":{"line":132,"column":26},"end":{"line":132,"column":34}},{"start":{"line":132,"column":38},"end":{"line":132,"column":46}}],"line":132},"7":{"loc":{"start":{"line":138,"column":3},"end":{"line":140,"column":4}},"type":"if","locations":[{"start":{"line":138,"column":3},"end":{"line":140,"column":4}},{"start":{},"end":{}}],"line":138},"8":{"loc":{"start":{"line":170,"column":21},"end":{"line":170,"column":56}},"type":"cond-expr","locations":[{"start":{"line":170,"column":51},"end":{"line":170,"column":52}},{"start":{"line":170,"column":55},"end":{"line":170,"column":56}}],"line":170},"9":{"loc":{"start":{"line":171,"column":22},"end":{"line":171,"column":56}},"type":"cond-expr","locations":[{"start":{"line":171,"column":51},"end":{"line":171,"column":52}},{"start":{"line":171,"column":55},"end":{"line":171,"column":56}}],"line":171},"10":{"loc":{"start":{"line":172,"column":24},"end":{"line":173,"column":53}},"type":"cond-expr","locations":[{"start":{"line":173,"column":35},"end":{"line":173,"column":49}},{"start":{"line":173,"column":52},"end":{"line":173,"column":53}}],"line":172},"11":{"loc":{"start":{"line":172,"column":24},"end":{"line":173,"column":32}},"type":"binary-expr","locations":[{"start":{"line":172,"column":25},"end":{"line":172,"column":53}},{"start":{"line":173,"column":3},"end":{"line":173,"column":31}}],"line":172}},"s":{"0":5,"1":27,"2":27,"3":0,"4":0,"5":0,"6":0,"7":0,"8":0,"9":0,"10":0,"11":0,"12":0,"13":54,"14":0,"15":0,"16":0,"17":0,"18":0,"19":0,"20":0,"21":0,"22":0,"23":0,"24":0,"25":0,"26":0,"27":0,"28":0,"29":0,"30":0,"31":0,"32":0,"33":0,"34":0,"35":0,"36":0,"37":0,"38":0,"39":0,"40":0,"41":0,"42":0,"43":0,"44":0,"45":0,"46":0,"47":0,"48":0,"49":0,"50":0,"51":0,"52":0,"53":0,"54":0,"55":0,"56":0,"57":0,"58":0,"59":0,"60":0,"61":0,"62":0,"63":0,"64":0,"65":0,"66":0,"67":0,"68":0,"69":0,"70":0,"71":0,"72":0,"73":0,"74":0,"75":0,"76":0,"77":0,"78":0,"79":0,"80":0,"81":0,"82":0},"f":{"0":27,"1":0,"2":0,"3":0,"4":54,"5":0,"6":0,"7":0,"8":0,"9":0,"10":0,"11":0,"12":0,"13":0,"14":0,"15":0,"16":0,"17":0,"18":0,"19":0,"20":0,"21":0,"22":0,"23":0,"24":0,"25":0,"26":0,"27":0,"28":0},"b":{"0":[0,0],"1":[0,0,0],"2":[0,0],"3":[0,0],"4":[0,0],"5":[0,0],"6":[0,0],"7":[0,0],"8":[0,0],"9":[0,0],"10":[0,0],"11":[0,0]},"_coverageSchema":"1a1c01bbd47fc00a2c39e90264f33305004495a9","hash":"40cdcef2823704223fdeed7100cd490cb602dfd4"}
,"/Users/Alen/Desktop/Новая папка 5/ajs.retro_game/src/js/variables.js": {"path":"/Users/Alen/Desktop/Новая папка 5/ajs.retro_game/src/js/variables.js","statementMap":{"0":{"start":{"line":1,"column":18},"end":{"line":1,"column":21}}},"fnMap":{},"branchMap":{},"s":{"0":5},"f":{},"b":{},"_coverageSchema":"1a1c01bbd47fc00a2c39e90264f33305004495a9","hash":"e0b6f8c6aac0624e18c80d6d8cf8d0dfea4b8ff0"}
,"/Users/Alen/Desktop/Новая папка 5/ajs.retro_game/src/js/forms/Form.js": {"path":"/Users/Alen/Desktop/Новая папка 5/ajs.retro_game/src/js/forms/Form.js","statementMap":{"0":{"start":{"line":5,"column":2},"end":{"line":5,"column":41}},"1":{"start":{"line":6,"column":2},"end":{"line":6,"column":21}},"2":{"start":{"line":10,"column":2},"end":{"line":10,"column":19}},"3":{"start":{"line":11,"column":2},"end":{"line":11,"column":24}},"4":{"start":{"line":12,"column":2},"end":{"line":12,"column":37}},"5":{"start":{"line":13,"column":2},"end":{"line":13,"column":39}},"6":{"start":{"line":14,"column":2},"end":{"line":14,"column":60}},"7":{"start":{"line":15,"column":2},"end":{"line":15,"column":18}},"8":{"start":{"line":16,"column":2},"end":{"line":16,"column":24}},"9":{"start":{"line":20,"column":2},"end":{"line":20,"column":36}},"10":{"start":{"line":21,"column":2},"end":{"line":21,"column":26}},"11":{"start":{"line":22,"column":2},"end":{"line":22,"column":22}},"12":{"start":{"line":26,"column":2},"end":{"line":26,"column":74}},"13":{"start":{"line":27,"column":2},"end":{"line":27,"column":48}},"14":{"start":{"line":28,"column":2},"end":{"line":28,"column":48}},"15":{"start":{"line":32,"column":2},"end":{"line":32,"column":28}},"16":{"start":{"line":33,"column":2},"end":{"line":33,"column":26}},"17":{"start":{"line":45,"column":2},"end":{"line":45,"column":15}},"18":{"start":{"line":49,"column":2},"end":{"line":49,"column":25}},"19":{"start":{"line":50,"column":2},"end":{"line":50,"column":33}},"20":{"start":{"line":54,"column":18},"end":{"line":54,"column":45}},"21":{"start":{"line":55,"column":2},"end":{"line":55,"column":27}},"22":{"start":{"line":56,"column":2},"end":{"line":56,"column":48}},"23":{"start":{"line":57,"column":2},"end":{"line":57,"column":30}},"24":{"start":{"line":58,"column":2},"end":{"line":58,"column":17}}},"fnMap":{"0":{"name":"(anonymous_0)","decl":{"start":{"line":4,"column":1},"end":{"line":4,"column":2}},"loc":{"start":{"line":4,"column":30},"end":{"line":7,"column":2}},"line":4},"1":{"name":"(anonymous_1)","decl":{"start":{"line":9,"column":1},"end":{"line":9,"column":2}},"loc":{"start":{"line":9,"column":12},"end":{"line":17,"column":2}},"line":9},"2":{"name":"(anonymous_2)","decl":{"start":{"line":19,"column":1},"end":{"line":19,"column":2}},"loc":{"start":{"line":19,"column":9},"end":{"line":23,"column":2}},"line":19},"3":{"name":"(anonymous_3)","decl":{"start":{"line":25,"column":1},"end":{"line":25,"column":2}},"loc":{"start":{"line":25,"column":18},"end":{"line":29,"column":2}},"line":25},"4":{"name":"(anonymous_4)","decl":{"start":{"line":31,"column":1},"end":{"line":31,"column":2}},"loc":{"start":{"line":31,"column":20},"end":{"line":34,"column":2}},"line":31},"5":{"name":"(anonymous_5)","decl":{"start":{"line":36,"column":1},"end":{"line":36,"column":2}},"loc":{"start":{"line":36,"column":12},"end":{"line":38,"column":2}},"line":36},"6":{"name":"(anonymous_6)","decl":{"start":{"line":40,"column":1},"end":{"line":40,"column":2}},"loc":{"start":{"line":40,"column":12},"end":{"line":42,"column":2}},"line":40},"7":{"name":"(anonymous_7)","decl":{"start":{"line":44,"column":1},"end":{"line":44,"column":2}},"loc":{"start":{"line":44,"column":10},"end":{"line":46,"column":2}},"line":44},"8":{"name":"(anonymous_8)","decl":{"start":{"line":48,"column":1},"end":{"line":48,"column":2}},"loc":{"start":{"line":48,"column":21},"end":{"line":51,"column":2}},"line":48},"9":{"name":"(anonymous_9)","decl":{"start":{"line":53,"column":1},"end":{"line":53,"column":2}},"loc":{"start":{"line":53,"column":41},"end":{"line":59,"column":2}},"line":53}},"branchMap":{},"s":{"0":0,"1":0,"2":0,"3":0,"4":0,"5":0,"6":0,"7":0,"8":0,"9":0,"10":0,"11":0,"12":0,"13":0,"14":0,"15":0,"16":0,"17":0,"18":0,"19":0,"20":0,"21":0,"22":0,"23":0,"24":0},"f":{"0":0,"1":0,"2":0,"3":0,"4":0,"5":0,"6":0,"7":0,"8":0,"9":0},"b":{},"_coverageSchema":"1a1c01bbd47fc00a2c39e90264f33305004495a9","hash":"bc89d63872008694c067968362359e3e0819f685"}
,"/Users/Alen/Desktop/Новая папка 5/ajs.retro_game/src/js/forms/GameOverForm.js": {"path":"/Users/Alen/Desktop/Новая папка 5/ajs.retro_game/src/js/forms/GameOverForm.js","statementMap":{"0":{"start":{"line":5,"column":2},"end":{"line":5,"column":68}},"1":{"start":{"line":6,"column":2},"end":{"line":6,"column":53}},"2":{"start":{"line":10,"column":2},"end":{"line":10,"column":44}},"3":{"start":{"line":14,"column":2},"end":{"line":14,"column":27}},"4":{"start":{"line":15,"column":2},"end":{"line":15,"column":42}}},"fnMap":{"0":{"name":"(anonymous_0)","decl":{"start":{"line":4,"column":1},"end":{"line":4,"column":2}},"loc":{"start":{"line":4,"column":12},"end":{"line":7,"column":2}},"line":4},"1":{"name":"(anonymous_1)","decl":{"start":{"line":9,"column":1},"end":{"line":9,"column":2}},"loc":{"start":{"line":9,"column":15},"end":{"line":11,"column":2}},"line":9},"2":{"name":"(anonymous_2)","decl":{"start":{"line":13,"column":1},"end":{"line":13,"column":2}},"loc":{"start":{"line":13,"column":17},"end":{"line":16,"column":2}},"line":13}},"branchMap":{},"s":{"0":0,"1":0,"2":0,"3":0,"4":0},"f":{"0":0,"1":0,"2":0},"b":{},"_coverageSchema":"1a1c01bbd47fc00a2c39e90264f33305004495a9","hash":"092d3ed768a703b731e2d9e2f99375db1400fd83"}
,"/Users/Alen/Desktop/Новая папка 5/ajs.retro_game/src/js/forms/LoadGameForm.js": {"path":"/Users/Alen/Desktop/Новая папка 5/ajs.retro_game/src/js/forms/LoadGameForm.js","statementMap":{"0":{"start":{"line":5,"column":2},"end":{"line":5,"column":67}},"1":{"start":{"line":6,"column":19},"end":{"line":6,"column":55}},"2":{"start":{"line":7,"column":2},"end":{"line":9,"column":3}},"3":{"start":{"line":8,"column":3},"end":{"line":8,"column":73}},"4":{"start":{"line":13,"column":15},"end":{"line":13,"column":39}},"5":{"start":{"line":14,"column":15},"end":{"line":14,"column":37}},"6":{"start":{"line":15,"column":2},"end":{"line":15,"column":37}}},"fnMap":{"0":{"name":"(anonymous_0)","decl":{"start":{"line":4,"column":1},"end":{"line":4,"column":2}},"loc":{"start":{"line":4,"column":12},"end":{"line":10,"column":2}},"line":4},"1":{"name":"(anonymous_1)","decl":{"start":{"line":12,"column":1},"end":{"line":12,"column":2}},"loc":{"start":{"line":12,"column":17},"end":{"line":16,"column":2}},"line":12}},"branchMap":{},"s":{"0":0,"1":0,"2":0,"3":0,"4":0,"5":0,"6":0},"f":{"0":0,"1":0},"b":{},"_coverageSchema":"1a1c01bbd47fc00a2c39e90264f33305004495a9","hash":"dd0dfc8302d3868a907e1071e09603e0657711b7"}
,"/Users/Alen/Desktop/Новая папка 5/ajs.retro_game/src/js/forms/NewGameForm.js": {"path":"/Users/Alen/Desktop/Новая папка 5/ajs.retro_game/src/js/forms/NewGameForm.js","statementMap":{"0":{"start":{"line":5,"column":2},"end":{"line":5,"column":74}},"1":{"start":{"line":6,"column":2},"end":{"line":6,"column":72}},"2":{"start":{"line":7,"column":2},"end":{"line":7,"column":68}},"3":{"start":{"line":8,"column":2},"end":{"line":8,"column":66}},"4":{"start":{"line":9,"column":2},"end":{"line":9,"column":65}},"5":{"start":{"line":10,"column":2},"end":{"line":10,"column":63}},"6":{"start":{"line":16,"column":6},"end":{"line":16,"column":18}},"7":{"start":{"line":17,"column":2},"end":{"line":17,"column":44}},"8":{"start":{"line":18,"column":2},"end":{"line":18,"column":39}},"9":{"start":{"line":19,"column":2},"end":{"line":19,"column":64}},"10":{"start":{"line":25,"column":6},"end":{"line":25,"column":18}},"11":{"start":{"line":26,"column":2},"end":{"line":26,"column":43}},"12":{"start":{"line":30,"column":15},"end":{"line":30,"column":39}},"13":{"start":{"line":31,"column":21},"end":{"line":31,"column":37}},"14":{"start":{"line":32,"column":26},"end":{"line":32,"column":48}},"15":{"start":{"line":33,"column":25},"end":{"line":33,"column":46}},"16":{"start":{"line":34,"column":2},"end":{"line":34,"column":72}}},"fnMap":{"0":{"name":"(anonymous_0)","decl":{"start":{"line":4,"column":1},"end":{"line":4,"column":2}},"loc":{"start":{"line":4,"column":12},"end":{"line":11,"column":2}},"line":4},"1":{"name":"(anonymous_1)","decl":{"start":{"line":13,"column":1},"end":{"line":13,"column":2}},"loc":{"start":{"line":13,"column":22},"end":{"line":20,"column":2}},"line":13},"2":{"name":"(anonymous_2)","decl":{"start":{"line":22,"column":1},"end":{"line":22,"column":2}},"loc":{"start":{"line":22,"column":21},"end":{"line":27,"column":2}},"line":22},"3":{"name":"(anonymous_3)","decl":{"start":{"line":29,"column":1},"end":{"line":29,"column":2}},"loc":{"start":{"line":29,"column":17},"end":{"line":35,"column":2}},"line":29}},"branchMap":{},"s":{"0":0,"1":0,"2":0,"3":0,"4":0,"5":0,"6":0,"7":0,"8":0,"9":0,"10":0,"11":0,"12":0,"13":0,"14":0,"15":0,"16":0},"f":{"0":0,"1":0,"2":0,"3":0},"b":{},"_coverageSchema":"1a1c01bbd47fc00a2c39e90264f33305004495a9","hash":"74a931394b846e935d997162bbcd74fe5c9d47db"}
,"/Users/Alen/Desktop/Новая папка 5/ajs.retro_game/src/js/forms/SaveGameForm.js": {"path":"/Users/Alen/Desktop/Новая папка 5/ajs.retro_game/src/js/forms/SaveGameForm.js","statementMap":{"0":{"start":{"line":5,"column":2},"end":{"line":5,"column":67}},"1":{"start":{"line":6,"column":2},"end":{"line":6,"column":36}},"2":{"start":{"line":7,"column":19},"end":{"line":7,"column":55}},"3":{"start":{"line":8,"column":2},"end":{"line":18,"column":3}},"4":{"start":{"line":9,"column":19},"end":{"line":9,"column":82}},"5":{"start":{"line":10,"column":17},"end":{"line":10,"column":68}},"6":{"start":{"line":11,"column":3},"end":{"line":11,"column":52}},"7":{"start":{"line":12,"column":22},"end":{"line":12,"column":66}},"8":{"start":{"line":13,"column":3},"end":{"line":17,"column":6}},"9":{"start":{"line":14,"column":20},"end":{"line":14,"column":56}},"10":{"start":{"line":15,"column":4},"end":{"line":15,"column":43}},"11":{"start":{"line":16,"column":4},"end":{"line":16,"column":20}},"12":{"start":{"line":22,"column":15},"end":{"line":22,"column":39}},"13":{"start":{"line":23,"column":15},"end":{"line":23,"column":37}},"14":{"start":{"line":24,"column":2},"end":{"line":24,"column":27}},"15":{"start":{"line":25,"column":2},"end":{"line":25,"column":15}}},"fnMap":{"0":{"name":"(anonymous_0)","decl":{"start":{"line":4,"column":1},"end":{"line":4,"column":2}},"loc":{"start":{"line":4,"column":12},"end":{"line":19,"column":2}},"line":4},"1":{"name":"(anonymous_1)","decl":{"start":{"line":13,"column":40},"end":{"line":13,"column":41}},"loc":{"start":{"line":13,"column":51},"end":{"line":17,"column":4}},"line":13},"2":{"name":"(anonymous_2)","decl":{"start":{"line":21,"column":1},"end":{"line":21,"column":2}},"loc":{"start":{"line":21,"column":17},"end":{"line":26,"column":2}},"line":21}},"branchMap":{},"s":{"0":0,"1":0,"2":0,"3":0,"4":0,"5":0,"6":0,"7":0,"8":0,"9":0,"10":0,"11":0,"12":0,"13":0,"14":0,"15":0},"f":{"0":0,"1":0,"2":0},"b":{},"_coverageSchema":"1a1c01bbd47fc00a2c39e90264f33305004495a9","hash":"e642b73804116f27bb5fbdac0a22058ffac94819"}
,"/Users/Alen/Desktop/Новая папка 5/ajs.retro_game/src/js/forms/WinPlayerForm.js": {"path":"/Users/Alen/Desktop/Новая папка 5/ajs.retro_game/src/js/forms/WinPlayerForm.js","statementMap":{"0":{"start":{"line":5,"column":2},"end":{"line":5,"column":68}},"1":{"start":{"line":6,"column":2},"end":{"line":6,"column":53}},"2":{"start":{"line":10,"column":2},"end":{"line":10,"column":23}},"3":{"start":{"line":11,"column":2},"end":{"line":11,"column":15}}},"fnMap":{"0":{"name":"(anonymous_0)","decl":{"start":{"line":4,"column":1},"end":{"line":4,"column":2}},"loc":{"start":{"line":4,"column":12},"end":{"line":7,"column":2}},"line":4},"1":{"name":"(anonymous_1)","decl":{"start":{"line":9,"column":1},"end":{"line":9,"column":2}},"loc":{"start":{"line":9,"column":15},"end":{"line":12,"column":2}},"line":9}},"branchMap":{},"s":{"0":0,"1":0,"2":0,"3":0},"f":{"0":0,"1":0},"b":{},"_coverageSchema":"1a1c01bbd47fc00a2c39e90264f33305004495a9","hash":"6620d38fa5fda967a7dbb2765e9fd7b6494b7e04"}
,"/Users/Alen/Desktop/Новая папка 5/ajs.retro_game/src/js/forms/templateForms.js": {"path":"/Users/Alen/Desktop/Новая папка 5/ajs.retro_game/src/js/forms/templateForms.js","statementMap":{"0":{"start":{"line":1,"column":17},"end":{"line":25,"column":3}},"1":{"start":{"line":26,"column":20},"end":{"line":57,"column":15}},"2":{"start":{"line":59,"column":21},"end":{"line":70,"column":17}},"3":{"start":{"line":72,"column":21},"end":{"line":85,"column":15}},"4":{"start":{"line":87,"column":22},"end":{"line":102,"column":15}},"5":{"start":{"line":104,"column":21},"end":{"line":119,"column":15}},"6":{"start":{"line":122,"column":1},"end":{"line":129,"column":14}}},"fnMap":{"0":{"name":"formSelector","decl":{"start":{"line":121,"column":24},"end":{"line":121,"column":36}},"loc":{"start":{"line":121,"column":47},"end":{"line":130,"column":1}},"line":121}},"branchMap":{},"s":{"0":1,"1":1,"2":1,"3":1,"4":1,"5":1,"6":0},"f":{"0":0},"b":{},"_coverageSchema":"1a1c01bbd47fc00a2c39e90264f33305004495a9","hash":"863f9905bdb31e41018a8e4def851ed31cfbbfd2"}
,"/Users/Alen/Desktop/Новая папка 5/ajs.retro_game/src/js/toast/Toast.js": {"path":"/Users/Alen/Desktop/Новая папка 5/ajs.retro_game/src/js/toast/Toast.js","statementMap":{"0":{"start":{"line":3,"column":2},"end":{"line":3,"column":29}},"1":{"start":{"line":7,"column":2},"end":{"line":7,"column":51}},"2":{"start":{"line":11,"column":2},"end":{"line":11,"column":49}},"3":{"start":{"line":15,"column":18},"end":{"line":15,"column":37}},"4":{"start":{"line":16,"column":22},"end":{"line":16,"column":87}},"5":{"start":{"line":17,"column":18},"end":{"line":17,"column":45}},"6":{"start":{"line":18,"column":2},"end":{"line":18,"column":27}},"7":{"start":{"line":19,"column":2},"end":{"line":19,"column":36}},"8":{"start":{"line":20,"column":2},"end":{"line":20,"column":45}},"9":{"start":{"line":21,"column":2},"end":{"line":26,"column":5}},"10":{"start":{"line":22,"column":3},"end":{"line":25,"column":4}},"11":{"start":{"line":23,"column":4},"end":{"line":23,"column":40}},"12":{"start":{"line":24,"column":4},"end":{"line":24,"column":27}},"13":{"start":{"line":27,"column":2},"end":{"line":27,"column":38}},"14":{"start":{"line":31,"column":20},"end":{"line":31,"column":66}},"15":{"start":{"line":32,"column":2},"end":{"line":34,"column":5}},"16":{"start":{"line":33,"column":3},"end":{"line":33,"column":48}},"17":{"start":{"line":38,"column":21},"end":{"line":45,"column":8}},"18":{"start":{"line":39,"column":27},"end":{"line":39,"column":56}},"19":{"start":{"line":40,"column":3},"end":{"line":44,"column":4}},"20":{"start":{"line":41,"column":4},"end":{"line":41,"column":48}},"21":{"start":{"line":43,"column":4},"end":{"line":43,"column":30}}},"fnMap":{"0":{"name":"(anonymous_0)","decl":{"start":{"line":2,"column":1},"end":{"line":2,"column":2}},"loc":{"start":{"line":2,"column":24},"end":{"line":4,"column":2}},"line":2},"1":{"name":"(anonymous_1)","decl":{"start":{"line":6,"column":1},"end":{"line":6,"column":2}},"loc":{"start":{"line":6,"column":22},"end":{"line":8,"column":2}},"line":6},"2":{"name":"(anonymous_2)","decl":{"start":{"line":10,"column":1},"end":{"line":10,"column":2}},"loc":{"start":{"line":10,"column":20},"end":{"line":12,"column":2}},"line":10},"3":{"name":"(anonymous_3)","decl":{"start":{"line":14,"column":1},"end":{"line":14,"column":2}},"loc":{"start":{"line":14,"column":33},"end":{"line":28,"column":2}},"line":14},"4":{"name":"(anonymous_4)","decl":{"start":{"line":21,"column":43},"end":{"line":21,"column":44}},"loc":{"start":{"line":21,"column":49},"end":{"line":26,"column":3}},"line":21},"5":{"name":"(anonymous_5)","decl":{"start":{"line":30,"column":1},"end":{"line":30,"column":2}},"loc":{"start":{"line":30,"column":19},"end":{"line":35,"column":2}},"line":30},"6":{"name":"(anonymous_6)","decl":{"start":{"line":32,"column":20},"end":{"line":32,"column":21}},"loc":{"start":{"line":32,"column":43},"end":{"line":34,"column":3}},"line":32},"7":{"name":"(anonymous_7)","decl":{"start":{"line":37,"column":1},"end":{"line":37,"column":2}},"loc":{"start":{"line":37,"column":28},"end":{"line":46,"column":2}},"line":37},"8":{"name":"(anonymous_8)","decl":{"start":{"line":38,"column":33},"end":{"line":38,"column":34}},"loc":{"start":{"line":38,"column":39},"end":{"line":45,"column":3}},"line":38}},"branchMap":{"0":{"loc":{"start":{"line":22,"column":3},"end":{"line":25,"column":4}},"type":"if","locations":[{"start":{"line":22,"column":3},"end":{"line":25,"column":4}},{"start":{},"end":{}}],"line":22},"1":{"loc":{"start":{"line":40,"column":3},"end":{"line":44,"column":4}},"type":"if","locations":[{"start":{"line":40,"column":3},"end":{"line":44,"column":4}},{"start":{"line":42,"column":10},"end":{"line":44,"column":4}}],"line":40}},"s":{"0":0,"1":0,"2":0,"3":0,"4":0,"5":0,"6":0,"7":0,"8":0,"9":0,"10":0,"11":0,"12":0,"13":0,"14":0,"15":0,"16":0,"17":0,"18":0,"19":0,"20":0,"21":0},"f":{"0":0,"1":0,"2":0,"3":0,"4":0,"5":0,"6":0,"7":0,"8":0},"b":{"0":[0,0],"1":[0,0]},"_coverageSchema":"1a1c01bbd47fc00a2c39e90264f33305004495a9","hash":"2630c2e66f028c1a247da3a8299c713cd602927d"}
}
